[0m2021-10-09 06:53:27 V/Net 489275003: No server list cached.[0m
[92m2021-10-09 06:53:28 I/Net 489275003: ECDH key is invalid, start to fetch ecdh public key from server.[0m
[92m2021-10-09 06:53:28 I/Net 489275003: Successfully fetched ecdh public key from server.[0m
[0m2021-10-09 06:53:29 V/Net 489275003: Send: wtlogin.login[0m
[0m2021-10-09 06:53:29 V/Net 489275003: Recv: wtlogin.login[0m
[0m2021-10-09 06:54:29 V/Net 489275003: Send: wtlogin.login[0m
[0m2021-10-09 06:54:30 V/Net 489275003: Send: wtlogin.login[0m
[0m2021-10-09 06:54:30 V/Net 489275003: Recv: wtlogin.login[0m
[0m2021-10-09 06:54:30 V/Net 489275003: Recv: wtlogin.login[0m
[0m2021-10-09 06:54:30 V/Net 489275003: Send: StatSvc.register(online)[0m
[92m2021-10-09 06:54:30 I/Net 489275003: Server time updated, serverTime: 1633733670, diff: 0ms=0.0s[0m
[0m2021-10-09 06:54:30 V/Net 489275003: Recv: StatSvc.register[0m
[0m2021-10-09 06:54:30 V/Net 489275003: No BdhSession cache[0m
[92m2021-10-09 06:54:30 I/Net 489275003: Syncing friend message history...[0m
[92m2021-10-09 06:54:30 I/Net 489275003: Start loading stranger list...[0m
[0m2021-10-09 06:54:30 V/Net 489275003: Send: OidbSvc.0x5d2_0(OidbSvc.0x5d2_0)[0m
[92m2021-10-09 06:54:30 I/Net 489275003: Start loading friend list...[0m
[0m2021-10-09 06:54:30 V/Net 489275003: Send: StatSvc.GetDevLoginInfo(StatSvc.GetDevLoginInfo)[0m
[0m2021-10-09 06:54:30 V/Net 489275003: Send: friendlist.getFriendGroupList(friendlist.getFriendGroupList)[0m
[0m2021-10-09 06:54:30 V/Net 489275003: Send: OidbSvc.0x496(OidbSvc.0x496)[0m
[92m2021-10-09 06:54:30 I/Net 489275003: Syncing friend message history: Success.[0m
[92m2021-10-09 06:54:30 I/Net 489275003: Successfully loaded stranger list: 0 in total[0m
[0m2021-10-09 06:54:30 V/Net 489275003: Recv: OidbSvc.0x5d2_0[0m
[0m2021-10-09 06:54:30 V/Net 489275003: Recv: StatSvc.GetDevLoginInfo[0m
[92m2021-10-09 06:54:30 I/Net 489275003: Online OtherClients: ZHJ-iPad(IOS), ZHJ-PC(WINDOWS)[0m
[92m2021-10-09 06:54:30 I/Net 489275003: Start loading group list...[0m
[0m2021-10-09 06:54:30 V/Net 489275003: Recv: OidbSvc.0x496[0m
[0m2021-10-09 06:54:30 V/Net 489275003: Send: friendlist.GetTroopListReqV2(friendlist.GetTroopListReqV2)[0m
[0m2021-10-09 06:54:31 V/Net 489275003: Recv: friendlist.getFriendGroupList[0m
[0m2021-10-09 06:54:31 V/Net 489275003: Loading friend list: 150/436[0m
[0m2021-10-09 06:54:31 V/Net 489275003: Send: friendlist.getFriendGroupList(friendlist.getFriendGroupList)[0m
[0m2021-10-09 06:54:31 V/Net 489275003: Recv: friendlist.GetTroopListReqV2[0m
[0m2021-10-09 06:54:31 V/Net 489275003: Send: friendlist.GetTroopMemberListReq(friendlist.GetTroopMemberListReq)[0m
[0m2021-10-09 06:54:31 V/Net 489275003: Send: friendlist.GetTroopMemberListReq(friendlist.GetTroopMemberListReq)[0m
[0m2021-10-09 06:54:31 V/Net 489275003: Send: friendlist.GetTroopMemberListReq(friendlist.GetTroopMemberListReq)[0m
[0m2021-10-09 06:54:31 V/Net 489275003: Send: friendlist.GetTroopMemberListReq(friendlist.GetTroopMemberListReq)[0m
[0m2021-10-09 06:54:31 V/Net 489275003: Send: friendlist.GetTroopMemberListReq(friendlist.GetTroopMemberListReq)[0m
[0m2021-10-09 06:54:31 V/Net 489275003: Send: friendlist.GetTroopMemberListReq(friendlist.GetTroopMemberListReq)[0m
[0m2021-10-09 06:54:31 V/Net 489275003: Send: friendlist.GetTroopMemberListReq(friendlist.GetTroopMemberListReq)[0m
[0m2021-10-09 06:54:31 V/Net 489275003: Send: friendlist.GetTroopMemberListReq(friendlist.GetTroopMemberListReq)[0m
[0m2021-10-09 06:54:31 V/Net 489275003: Recv: friendlist.getFriendGroupList[0m
[0m2021-10-09 06:54:31 V/Net 489275003: Send: friendlist.GetTroopMemberListReq(friendlist.GetTroopMemberListReq)[0m
[0m2021-10-09 06:54:31 V/Net 489275003: Send: friendlist.GetTroopMemberListReq(friendlist.GetTroopMemberListReq)[0m
[0m2021-10-09 06:54:31 V/Net 489275003: Send: friendlist.GetTroopMemberListReq(friendlist.GetTroopMemberListReq)[0m
[0m2021-10-09 06:54:31 V/Net 489275003: Loading friend list: 300/436[0m
[0m2021-10-09 06:54:31 V/Net 489275003: Send: friendlist.GetTroopMemberListReq(friendlist.GetTroopMemberListReq)[0m
[0m2021-10-09 06:54:31 V/Net 489275003: Send: friendlist.getFriendGroupList(friendlist.getFriendGroupList)[0m
[0m2021-10-09 06:54:31 V/Net 489275003: Send: friendlist.GetTroopMemberListReq(friendlist.GetTroopMemberListReq)[0m
[0m2021-10-09 06:54:31 V/Net 489275003: Send: friendlist.GetTroopMemberListReq(friendlist.GetTroopMemberListReq)[0m
[0m2021-10-09 06:54:31 V/Net 489275003: Send: friendlist.GetTroopMemberListReq(friendlist.GetTroopMemberListReq)[0m
[0m2021-10-09 06:54:31 V/Net 489275003: Send: friendlist.GetTroopMemberListReq(friendlist.GetTroopMemberListReq)[0m
[0m2021-10-09 06:54:31 V/Net 489275003: Send: friendlist.GetTroopMemberListReq(friendlist.GetTroopMemberListReq)[0m
[0m2021-10-09 06:54:31 V/Net 489275003: Send: friendlist.GetTroopMemberListReq(friendlist.GetTroopMemberListReq)[0m
[0m2021-10-09 06:54:31 V/Net 489275003: Send: friendlist.GetTroopMemberListReq(friendlist.GetTroopMemberListReq)[0m
[0m2021-10-09 06:54:31 V/Net 489275003: Send: friendlist.GetTroopMemberListReq(friendlist.GetTroopMemberListReq)[0m
[0m2021-10-09 06:54:31 V/Net 489275003: Send: friendlist.GetTroopMemberListReq(friendlist.GetTroopMemberListReq)[0m
[0m2021-10-09 06:54:31 V/Net 489275003: Send: friendlist.GetTroopMemberListReq(friendlist.GetTroopMemberListReq)[0m
[0m2021-10-09 06:54:31 V/Net 489275003: Send: friendlist.GetTroopMemberListReq(friendlist.GetTroopMemberListReq)[0m
[0m2021-10-09 06:54:31 V/Net 489275003: Send: friendlist.GetTroopMemberListReq(friendlist.GetTroopMemberListReq)[0m
[0m2021-10-09 06:54:31 V/Net 489275003: Send: friendlist.GetTroopMemberListReq(friendlist.GetTroopMemberListReq)[0m
[0m2021-10-09 06:54:31 V/Net 489275003: Send: friendlist.GetTroopMemberListReq(friendlist.GetTroopMemberListReq)[0m
[0m2021-10-09 06:54:31 V/Net 489275003: Send: friendlist.GetTroopMemberListReq(friendlist.GetTroopMemberListReq)[0m
[0m2021-10-09 06:54:31 V/Net 489275003: Send: friendlist.GetTroopMemberListReq(friendlist.GetTroopMemberListReq)[0m
[0m2021-10-09 06:54:31 V/Net 489275003: Send: friendlist.GetTroopMemberListReq(friendlist.GetTroopMemberListReq)[0m
[0m2021-10-09 06:54:31 V/Net 489275003: Send: friendlist.GetTroopMemberListReq(friendlist.GetTroopMemberListReq)[0m
[0m2021-10-09 06:54:31 V/Net 489275003: Recv: friendlist.GetTroopMemberListReq[0m
[0m2021-10-09 06:54:31 V/Net 489275003: Recv: friendlist.GetTroopMemberListReq[0m
[0m2021-10-09 06:54:31 V/Net 489275003: Send: friendlist.GetTroopMemberListReq(friendlist.GetTroopMemberListReq)[0m
[0m2021-10-09 06:54:31 V/Net 489275003: Send: friendlist.GetTroopMemberListReq(friendlist.GetTroopMemberListReq)[0m
[0m2021-10-09 06:54:31 V/Net 489275003: Recv: friendlist.GetTroopMemberListReq[0m
[0m2021-10-09 06:54:31 V/Net 489275003: Send: friendlist.GetTroopMemberListReq(friendlist.GetTroopMemberListReq)[0m
[0m2021-10-09 06:54:31 V/Net 489275003: Recv: friendlist.GetTroopMemberListReq[0m
[0m2021-10-09 06:54:31 V/Net 489275003: Send: friendlist.GetTroopMemberListReq(friendlist.GetTroopMemberListReq)[0m
[0m2021-10-09 06:54:31 V/Net 489275003: Send: friendlist.GetTroopMemberListReq(friendlist.GetTroopMemberListReq)[0m
[0m2021-10-09 06:54:31 V/Net 489275003: Loading friend list: 436/436[0m
[92m2021-10-09 06:54:31 I/Net 489275003: Successfully loaded friend list: 436 in total[0m
[0m2021-10-09 06:54:31 V/Net 489275003: Recv: friendlist.GetTroopMemberListReq[0m
[0m2021-10-09 06:54:31 V/Net 489275003: Recv: friendlist.getFriendGroupList[0m
[0m2021-10-09 06:54:31 V/Net 489275003: Recv: friendlist.GetTroopMemberListReq[0m
[0m2021-10-09 06:54:31 V/Net 489275003: Send: friendlist.GetTroopMemberListReq(friendlist.GetTroopMemberListReq)[0m
[0m2021-10-09 06:54:31 V/Net 489275003: Recv: friendlist.GetTroopMemberListReq[0m
[0m2021-10-09 06:54:31 V/Net 489275003: Send: friendlist.GetTroopMemberListReq(friendlist.GetTroopMemberListReq)[0m
[0m2021-10-09 06:54:31 V/Net 489275003: Recv: friendlist.GetTroopMemberListReq[0m
[0m2021-10-09 06:54:31 V/Net 489275003: Send: friendlist.GetTroopMemberListReq(friendlist.GetTroopMemberListReq)[0m
[0m2021-10-09 06:54:31 V/Net 489275003: Send: friendlist.GetTroopMemberListReq(friendlist.GetTroopMemberListReq)[0m
[0m2021-10-09 06:54:31 V/Net 489275003: Recv: friendlist.GetTroopMemberListReq[0m
[0m2021-10-09 06:54:31 V/Net 489275003: Recv: friendlist.GetTroopMemberListReq[0m
[0m2021-10-09 06:54:31 V/Net 489275003: Send: friendlist.GetTroopMemberListReq(friendlist.GetTroopMemberListReq)[0m
[0m2021-10-09 06:54:31 V/Net 489275003: Recv: friendlist.GetTroopMemberListReq[0m
[0m2021-10-09 06:54:31 V/Net 489275003: Send: friendlist.GetTroopMemberListReq(friendlist.GetTroopMemberListReq)[0m
[0m2021-10-09 06:54:31 V/Net 489275003: Recv: friendlist.GetTroopMemberListReq[0m
[0m2021-10-09 06:54:31 V/Net 489275003: Send: friendlist.GetTroopMemberListReq(friendlist.GetTroopMemberListReq)[0m
[0m2021-10-09 06:54:31 V/Net 489275003: Send: friendlist.GetTroopMemberListReq(friendlist.GetTroopMemberListReq)[0m
[0m2021-10-09 06:54:31 V/Net 489275003: Recv: friendlist.GetTroopMemberListReq[0m
[0m2021-10-09 06:54:31 V/Net 489275003: Recv: friendlist.GetTroopMemberListReq[0m
[0m2021-10-09 06:54:31 V/Net 489275003: Send: friendlist.GetTroopMemberListReq(friendlist.GetTroopMemberListReq)[0m
[0m2021-10-09 06:54:31 V/Net 489275003: Send: friendlist.GetTroopMemberListReq(friendlist.GetTroopMemberListReq)[0m
[0m2021-10-09 06:54:31 V/Net 489275003: Recv: friendlist.GetTroopMemberListReq[0m
[0m2021-10-09 06:54:31 V/Net 489275003: Recv: friendlist.GetTroopMemberListReq[0m
[0m2021-10-09 06:54:31 V/Net 489275003: Send: friendlist.GetTroopMemberListReq(friendlist.GetTroopMemberListReq)[0m
[0m2021-10-09 06:54:31 V/Net 489275003: Send: friendlist.GetTroopMemberListReq(friendlist.GetTroopMemberListReq)[0m
[0m2021-10-09 06:54:31 V/Net 489275003: Recv: friendlist.GetTroopMemberListReq[0m
[0m2021-10-09 06:54:31 V/Net 489275003: Recv: friendlist.GetTroopMemberListReq[0m
[0m2021-10-09 06:54:31 V/Net 489275003: Recv: friendlist.GetTroopMemberListReq[0m
[0m2021-10-09 06:54:31 V/Net 489275003: Send: friendlist.GetTroopMemberListReq(friendlist.GetTroopMemberListReq)[0m
[0m2021-10-09 06:54:31 V/Net 489275003: Recv: friendlist.GetTroopMemberListReq[0m
[0m2021-10-09 06:54:31 V/Net 489275003: Send: friendlist.GetTroopMemberListReq(friendlist.GetTroopMemberListReq)[0m
[0m2021-10-09 06:54:31 V/Net 489275003: Send: friendlist.GetTroopMemberListReq(friendlist.GetTroopMemberListReq)[0m
[0m2021-10-09 06:54:31 V/Net 489275003: Recv: friendlist.GetTroopMemberListReq[0m
[0m2021-10-09 06:54:31 V/Net 489275003: Send: friendlist.GetTroopMemberListReq(friendlist.GetTroopMemberListReq)[0m
[0m2021-10-09 06:54:31 V/Net 489275003: Recv: friendlist.GetTroopMemberListReq[0m
[0m2021-10-09 06:54:31 V/Net 489275003: Send: friendlist.GetTroopMemberListReq(friendlist.GetTroopMemberListReq)[0m
[0m2021-10-09 06:54:31 V/Net 489275003: Recv: friendlist.GetTroopMemberListReq[0m
[0m2021-10-09 06:54:31 V/Net 489275003: Send: friendlist.GetTroopMemberListReq(friendlist.GetTroopMemberListReq)[0m
[0m2021-10-09 06:54:31 V/Net 489275003: Recv: friendlist.GetTroopMemberListReq[0m
[0m2021-10-09 06:54:31 V/Net 489275003: Send: friendlist.GetTroopMemberListReq(friendlist.GetTroopMemberListReq)[0m
[0m2021-10-09 06:54:31 V/Net 489275003: Send: friendlist.GetTroopMemberListReq(friendlist.GetTroopMemberListReq)[0m
[0m2021-10-09 06:54:31 V/Net 489275003: Recv: friendlist.GetTroopMemberListReq[0m
[0m2021-10-09 06:54:31 V/Net 489275003: Send: friendlist.GetTroopMemberListReq(friendlist.GetTroopMemberListReq)[0m
[0m2021-10-09 06:54:31 V/Net 489275003: Recv: friendlist.GetTroopMemberListReq[0m
[0m2021-10-09 06:54:31 V/Net 489275003: Send: friendlist.GetTroopMemberListReq(friendlist.GetTroopMemberListReq)[0m
[0m2021-10-09 06:54:31 V/Net 489275003: Recv: friendlist.GetTroopMemberListReq[0m
[0m2021-10-09 06:54:31 V/Net 489275003: Send: friendlist.GetTroopMemberListReq(friendlist.GetTroopMemberListReq)[0m
[0m2021-10-09 06:54:31 V/Net 489275003: Recv: friendlist.GetTroopMemberListReq[0m
[0m2021-10-09 06:54:31 V/Net 489275003: Recv: friendlist.GetTroopMemberListReq[0m
[0m2021-10-09 06:54:31 V/Net 489275003: Send: friendlist.GetTroopMemberListReq(friendlist.GetTroopMemberListReq)[0m
[0m2021-10-09 06:54:31 V/Net 489275003: Recv: friendlist.GetTroopMemberListReq[0m
[0m2021-10-09 06:54:31 V/Net 489275003: Recv: friendlist.GetTroopMemberListReq[0m
[0m2021-10-09 06:54:31 V/Net 489275003: Recv: friendlist.GetTroopMemberListReq[0m
[0m2021-10-09 06:54:31 V/Net 489275003: Send: friendlist.GetTroopMemberListReq(friendlist.GetTroopMemberListReq)[0m
[0m2021-10-09 06:54:31 V/Net 489275003: Send: friendlist.GetTroopMemberListReq(friendlist.GetTroopMemberListReq)[0m
[0m2021-10-09 06:54:31 V/Net 489275003: Recv: friendlist.GetTroopMemberListReq[0m
[0m2021-10-09 06:54:31 V/Net 489275003: Recv: friendlist.GetTroopMemberListReq[0m
[0m2021-10-09 06:54:31 V/Net 489275003: Send: friendlist.GetTroopMemberListReq(friendlist.GetTroopMemberListReq)[0m
[0m2021-10-09 06:54:31 V/Net 489275003: Send: friendlist.GetTroopMemberListReq(friendlist.GetTroopMemberListReq)[0m
[0m2021-10-09 06:54:31 V/Net 489275003: Send: friendlist.GetTroopMemberListReq(friendlist.GetTroopMemberListReq)[0m
[0m2021-10-09 06:54:31 V/Net 489275003: Send: friendlist.GetTroopMemberListReq(friendlist.GetTroopMemberListReq)[0m
[0m2021-10-09 06:54:31 V/Net 489275003: Recv: friendlist.GetTroopMemberListReq[0m
[0m2021-10-09 06:54:31 V/Net 489275003: Send: friendlist.GetTroopMemberListReq(friendlist.GetTroopMemberListReq)[0m
[0m2021-10-09 06:54:31 V/Net 489275003: Recv: friendlist.GetTroopMemberListReq[0m
[0m2021-10-09 06:54:31 V/Net 489275003: Send: friendlist.GetTroopMemberListReq(friendlist.GetTroopMemberListReq)[0m
[0m2021-10-09 06:54:31 V/Net 489275003: Recv: friendlist.GetTroopMemberListReq[0m
[0m2021-10-09 06:54:31 V/Net 489275003: Send: friendlist.GetTroopMemberListReq(friendlist.GetTroopMemberListReq)[0m
[0m2021-10-09 06:54:31 V/Net 489275003: Recv: friendlist.GetTroopMemberListReq[0m
[0m2021-10-09 06:54:31 V/Net 489275003: Recv: friendlist.GetTroopMemberListReq[0m
[0m2021-10-09 06:54:31 V/Net 489275003: Send: friendlist.GetTroopMemberListReq(friendlist.GetTroopMemberListReq)[0m
[0m2021-10-09 06:54:32 V/Net 489275003: Recv: friendlist.GetTroopMemberListReq[0m
[0m2021-10-09 06:54:32 V/Net 489275003: Send: friendlist.GetTroopMemberListReq(friendlist.GetTroopMemberListReq)[0m
[0m2021-10-09 06:54:32 V/Net 489275003: Send: friendlist.GetTroopMemberListReq(friendlist.GetTroopMemberListReq)[0m
[0m2021-10-09 06:54:32 V/Net 489275003: Recv: friendlist.GetTroopMemberListReq[0m
[0m2021-10-09 06:54:32 V/Net 489275003: Recv: friendlist.GetTroopMemberListReq[0m
[0m2021-10-09 06:54:32 V/Net 489275003: Send: friendlist.GetTroopMemberListReq(friendlist.GetTroopMemberListReq)[0m
[0m2021-10-09 06:54:32 V/Net 489275003: Recv: friendlist.GetTroopMemberListReq[0m
[0m2021-10-09 06:54:32 V/Net 489275003: Send: friendlist.GetTroopMemberListReq(friendlist.GetTroopMemberListReq)[0m
[0m2021-10-09 06:54:32 V/Net 489275003: Send: friendlist.GetTroopMemberListReq(friendlist.GetTroopMemberListReq)[0m
[0m2021-10-09 06:54:32 V/Net 489275003: Recv: friendlist.GetTroopMemberListReq[0m
[0m2021-10-09 06:54:32 V/Net 489275003: Send: friendlist.GetTroopMemberListReq(friendlist.GetTroopMemberListReq)[0m
[0m2021-10-09 06:54:32 V/Net 489275003: Recv: friendlist.GetTroopMemberListReq[0m
[0m2021-10-09 06:54:32 V/Net 489275003: Recv: friendlist.GetTroopMemberListReq[0m
[0m2021-10-09 06:54:32 V/Net 489275003: Send: friendlist.GetTroopMemberListReq(friendlist.GetTroopMemberListReq)[0m
[0m2021-10-09 06:54:32 V/Net 489275003: Send: friendlist.GetTroopMemberListReq(friendlist.GetTroopMemberListReq)[0m
[0m2021-10-09 06:54:32 V/Net 489275003: Recv: friendlist.GetTroopMemberListReq[0m
[0m2021-10-09 06:54:32 V/Net 489275003: Recv: friendlist.GetTroopMemberListReq[0m
[0m2021-10-09 06:54:32 V/Net 489275003: Send: friendlist.GetTroopMemberListReq(friendlist.GetTroopMemberListReq)[0m
[0m2021-10-09 06:54:32 V/Net 489275003: Recv: friendlist.GetTroopMemberListReq[0m
[0m2021-10-09 06:54:32 V/Net 489275003: Send: friendlist.GetTroopMemberListReq(friendlist.GetTroopMemberListReq)[0m
[0m2021-10-09 06:54:32 V/Net 489275003: Send: friendlist.GetTroopMemberListReq(friendlist.GetTroopMemberListReq)[0m
[0m2021-10-09 06:54:32 V/Net 489275003: Recv: friendlist.GetTroopMemberListReq[0m
[0m2021-10-09 06:54:32 V/Net 489275003: Send: friendlist.GetTroopMemberListReq(friendlist.GetTroopMemberListReq)[0m
[0m2021-10-09 06:54:32 V/Net 489275003: Recv: friendlist.GetTroopMemberListReq[0m
[0m2021-10-09 06:54:32 V/Net 489275003: Recv: friendlist.GetTroopMemberListReq[0m
[0m2021-10-09 06:54:32 V/Net 489275003: Send: friendlist.GetTroopMemberListReq(friendlist.GetTroopMemberListReq)[0m
[0m2021-10-09 06:54:32 V/Net 489275003: Send: friendlist.GetTroopMemberListReq(friendlist.GetTroopMemberListReq)[0m
[0m2021-10-09 06:54:32 V/Net 489275003: Recv: friendlist.GetTroopMemberListReq[0m
[0m2021-10-09 06:54:32 V/Net 489275003: Recv: friendlist.GetTroopMemberListReq[0m
[0m2021-10-09 06:54:32 V/Net 489275003: Send: friendlist.GetTroopMemberListReq(friendlist.GetTroopMemberListReq)[0m
[0m2021-10-09 06:54:32 V/Net 489275003: Recv: friendlist.GetTroopMemberListReq[0m
[0m2021-10-09 06:54:32 V/Net 489275003: Recv: friendlist.GetTroopMemberListReq[0m
[0m2021-10-09 06:54:32 V/Net 489275003: Send: friendlist.GetTroopMemberListReq(friendlist.GetTroopMemberListReq)[0m
[0m2021-10-09 06:54:32 V/Net 489275003: Send: friendlist.GetTroopMemberListReq(friendlist.GetTroopMemberListReq)[0m
[0m2021-10-09 06:54:32 V/Net 489275003: Recv: friendlist.GetTroopMemberListReq[0m
[0m2021-10-09 06:54:32 V/Net 489275003: Send: friendlist.GetTroopMemberListReq(friendlist.GetTroopMemberListReq)[0m
[0m2021-10-09 06:54:32 V/Net 489275003: Send: friendlist.GetTroopMemberListReq(friendlist.GetTroopMemberListReq)[0m
[0m2021-10-09 06:54:32 V/Net 489275003: Recv: friendlist.GetTroopMemberListReq[0m
[0m2021-10-09 06:54:32 V/Net 489275003: Recv: friendlist.GetTroopMemberListReq[0m
[0m2021-10-09 06:54:32 V/Net 489275003: Recv: friendlist.GetTroopMemberListReq[0m
[0m2021-10-09 06:54:32 V/Net 489275003: Send: friendlist.GetTroopMemberListReq(friendlist.GetTroopMemberListReq)[0m
[0m2021-10-09 06:54:32 V/Net 489275003: Send: friendlist.GetTroopMemberListReq(friendlist.GetTroopMemberListReq)[0m
[0m2021-10-09 06:54:32 V/Net 489275003: Send: friendlist.GetTroopMemberListReq(friendlist.GetTroopMemberListReq)[0m
[0m2021-10-09 06:54:32 V/Net 489275003: Recv: friendlist.GetTroopMemberListReq[0m
[0m2021-10-09 06:54:32 V/Net 489275003: Recv: friendlist.GetTroopMemberListReq[0m
[0m2021-10-09 06:54:32 V/Net 489275003: Send: friendlist.GetTroopMemberListReq(friendlist.GetTroopMemberListReq)[0m
[0m2021-10-09 06:54:32 V/Net 489275003: Recv: friendlist.GetTroopMemberListReq[0m
[0m2021-10-09 06:54:32 V/Net 489275003: Send: friendlist.GetTroopMemberListReq(friendlist.GetTroopMemberListReq)[0m
[0m2021-10-09 06:54:32 V/Net 489275003: Recv: friendlist.GetTroopMemberListReq[0m
[0m2021-10-09 06:54:32 V/Net 489275003: Recv: friendlist.GetTroopMemberListReq[0m
[0m2021-10-09 06:54:32 V/Net 489275003: Send: friendlist.GetTroopMemberListReq(friendlist.GetTroopMemberListReq)[0m
[0m2021-10-09 06:54:32 V/Net 489275003: Recv: friendlist.GetTroopMemberListReq[0m
[0m2021-10-09 06:54:32 V/Net 489275003: Recv: friendlist.GetTroopMemberListReq[0m
[0m2021-10-09 06:54:32 V/Net 489275003: Recv: friendlist.GetTroopMemberListReq[0m
[0m2021-10-09 06:54:32 V/Net 489275003: Recv: friendlist.GetTroopMemberListReq[0m
[0m2021-10-09 06:54:32 V/Net 489275003: Send: friendlist.GetTroopMemberListReq(friendlist.GetTroopMemberListReq)[0m
[0m2021-10-09 06:54:32 V/Net 489275003: Send: friendlist.GetTroopMemberListReq(friendlist.GetTroopMemberListReq)[0m
[0m2021-10-09 06:54:32 V/Net 489275003: Recv: friendlist.GetTroopMemberListReq[0m
[0m2021-10-09 06:54:32 V/Net 489275003: Recv: friendlist.GetTroopMemberListReq[0m
[0m2021-10-09 06:54:32 V/Net 489275003: Recv: friendlist.GetTroopMemberListReq[0m
[0m2021-10-09 06:54:32 V/Net 489275003: Recv: friendlist.GetTroopMemberListReq[0m
[0m2021-10-09 06:54:32 V/Net 489275003: Recv: friendlist.GetTroopMemberListReq[0m
[0m2021-10-09 06:54:32 V/Net 489275003: Send: friendlist.GetTroopMemberListReq(friendlist.GetTroopMemberListReq)[0m
[0m2021-10-09 06:54:32 V/Net 489275003: Recv: friendlist.GetTroopMemberListReq[0m
[0m2021-10-09 06:54:32 V/Net 489275003: Recv: friendlist.GetTroopMemberListReq[0m
[0m2021-10-09 06:54:32 V/Net 489275003: Recv: friendlist.GetTroopMemberListReq[0m
[0m2021-10-09 06:54:32 V/Net 489275003: Recv: friendlist.GetTroopMemberListReq[0m
[0m2021-10-09 06:54:32 V/Net 489275003: Recv: friendlist.GetTroopMemberListReq[0m
[0m2021-10-09 06:54:32 V/Net 489275003: Recv: friendlist.GetTroopMemberListReq[0m
[0m2021-10-09 06:54:32 V/Net 489275003: Recv: friendlist.GetTroopMemberListReq[0m
[0m2021-10-09 06:54:32 V/Net 489275003: Send: friendlist.GetTroopMemberListReq(friendlist.GetTroopMemberListReq)[0m
[0m2021-10-09 06:54:32 V/Net 489275003: Recv: friendlist.GetTroopMemberListReq[0m
[0m2021-10-09 06:54:32 V/Net 489275003: Recv: friendlist.GetTroopMemberListReq[0m
[0m2021-10-09 06:54:32 V/Net 489275003: Recv: friendlist.GetTroopMemberListReq[0m
[0m2021-10-09 06:54:32 V/Net 489275003: Recv: friendlist.GetTroopMemberListReq[0m
[0m2021-10-09 06:54:32 V/Net 489275003: Recv: friendlist.GetTroopMemberListReq[0m
[0m2021-10-09 06:54:32 V/Net 489275003: Recv: friendlist.GetTroopMemberListReq[0m
[0m2021-10-09 06:54:32 V/Net 489275003: Recv: friendlist.GetTroopMemberListReq[0m
[0m2021-10-09 06:54:32 V/Net 489275003: Recv: friendlist.GetTroopMemberListReq[0m
[0m2021-10-09 06:54:32 V/Net 489275003: Recv: friendlist.GetTroopMemberListReq[0m
[0m2021-10-09 06:54:32 V/Net 489275003: Recv: friendlist.GetTroopMemberListReq[0m
[0m2021-10-09 06:54:32 V/Net 489275003: Recv: friendlist.GetTroopMemberListReq[0m
[0m2021-10-09 06:54:32 V/Net 489275003: Recv: friendlist.GetTroopMemberListReq[0m
[0m2021-10-09 06:54:32 V/Net 489275003: Send: friendlist.GetTroopMemberListReq(friendlist.GetTroopMemberListReq)[0m
[0m2021-10-09 06:54:32 V/Net 489275003: Recv: friendlist.GetTroopMemberListReq[0m
[0m2021-10-09 06:54:32 V/Net 489275003: Recv: friendlist.GetTroopMemberListReq[0m
[0m2021-10-09 06:54:32 V/Net 489275003: Recv: friendlist.GetTroopMemberListReq[0m
[0m2021-10-09 06:54:32 V/Net 489275003: Recv: friendlist.GetTroopMemberListReq[0m
[0m2021-10-09 06:54:32 V/Net 489275003: Send: friendlist.GetTroopMemberListReq(friendlist.GetTroopMemberListReq)[0m
[0m2021-10-09 06:54:32 V/Net 489275003: Recv: friendlist.GetTroopMemberListReq[0m
[0m2021-10-09 06:54:32 V/Net 489275003: Recv: friendlist.GetTroopMemberListReq[0m
[0m2021-10-09 06:54:32 V/Net 489275003: Recv: friendlist.GetTroopMemberListReq[0m
[0m2021-10-09 06:54:32 V/Net 489275003: Send: friendlist.GetTroopMemberListReq(friendlist.GetTroopMemberListReq)[0m
[0m2021-10-09 06:54:32 V/Net 489275003: Recv: friendlist.GetTroopMemberListReq[0m
[0m2021-10-09 06:54:32 V/Net 489275003: Send: friendlist.GetTroopMemberListReq(friendlist.GetTroopMemberListReq)[0m
[0m2021-10-09 06:54:33 V/Net 489275003: Send: friendlist.GetTroopMemberListReq(friendlist.GetTroopMemberListReq)[0m
[0m2021-10-09 06:54:33 V/Net 489275003: Recv: friendlist.GetTroopMemberListReq[0m
[0m2021-10-09 06:54:33 V/Net 489275003: Send: friendlist.GetTroopMemberListReq(friendlist.GetTroopMemberListReq)[0m
[0m2021-10-09 06:54:33 V/Net 489275003: Recv: friendlist.GetTroopMemberListReq[0m
[0m2021-10-09 06:54:33 V/Net 489275003: Recv: friendlist.GetTroopMemberListReq[0m
[0m2021-10-09 06:54:33 V/Net 489275003: Send: friendlist.GetTroopMemberListReq(friendlist.GetTroopMemberListReq)[0m
[0m2021-10-09 06:54:33 V/Net 489275003: Recv: friendlist.GetTroopMemberListReq[0m
[92m2021-10-09 06:54:33 I/Net 489275003: Successfully loaded group list: 90 in total.[0m
[92m2021-10-09 06:54:33 I/Net 489275003: Scheduled key refresh in 23h 55min 0.0s.[0m
[92m2021-10-09 06:54:33 I/Net 489275003: Scheduled refresh login session in 19d 23h 55min 0.0s.[0m
[0m2021-10-09 06:54:33 V/Net 489275003: Saving bdh session to cache[0m
[0m2021-10-09 06:54:33 V/Net 489275003: Send: ConfigPushSvc.PushResp(ConfigPushSvc.PushResp)[0m
[0m2021-10-09 06:54:33 V/Net 489275003: Recv: ConfigPushSvc.PushReq[0m
[91m2021-10-09 06:54:38 W/Net 489275003: net.mamoe.mirai.internal.network.impl.netty.ForceOfflineException: 你的帐号于06:54在另一台iPhone手机登录了QQ。如非本人操作，则密码可能已泄露，建议前往http://aq.qq.com/修改密码或紧急冻结帐号。
net.mamoe.mirai.internal.network.impl.netty.ForceOfflineException: 你的帐号于06:54在另一台iPhone手机登录了QQ。如非本人操作，则密码可能已泄露，建议前往http://aq.qq.com/修改密码或紧急冻结帐号。
	at net.mamoe.mirai.internal.network.protocol.packet.chat.receive.MessageSvcPushForceOffline.handle(MessageSvc.PushForceOffline.kt:35)
	at net.mamoe.mirai.internal.network.protocol.packet.chat.receive.MessageSvcPushForceOffline.handle(MessageSvc.PushForceOffline.kt:25)
	at net.mamoe.mirai.internal.network.components.CallPacketFactoryPacketHandler.handlePacket(PacketHandler.kt:110)
	at net.mamoe.mirai.internal.network.components.PacketHandlerChain.handlePacket(PacketHandler.kt:42)
	at net.mamoe.mirai.internal.network.handler.NetworkHandlerSupport$collectReceived$3.invokeSuspend(NetworkHandlerSupport.kt:84)
	at net.mamoe.mirai.internal.network.handler.NetworkHandlerSupport$collectReceived$3.invoke(NetworkHandlerSupport.kt)
	at net.mamoe.mirai.internal.network.handler.NetworkHandlerSupport$collectReceived$3.invoke(NetworkHandlerSupport.kt)
	at kotlinx.coroutines.intrinsics.UndispatchedKt.startCoroutineUndispatched(Undispatched.kt:55)
	at kotlinx.coroutines.CoroutineStart.invoke(CoroutineStart.kt:112)
	at kotlinx.coroutines.AbstractCoroutine.start(AbstractCoroutine.kt:126)
	at kotlinx.coroutines.BuildersKt__Builders_commonKt.launch(Builders.common.kt:56)
	at kotlinx.coroutines.BuildersKt.launch(Unknown Source)
	at kotlinx.coroutines.BuildersKt__Builders_commonKt.launch$default(Builders.common.kt:47)
	at kotlinx.coroutines.BuildersKt.launch$default(Unknown Source)
	at net.mamoe.mirai.internal.network.handler.NetworkHandlerSupport.collectReceived$mirai_core(NetworkHandlerSupport.kt:82)
	at net.mamoe.mirai.internal.network.impl.netty.NettyNetworkHandler$PacketDecodePipeline$send$1.invokeSuspend(NettyNetworkHandler.kt:178)
	at kotlin.coroutines.jvm.internal.BaseContinuationImpl.resumeWith(ContinuationImpl.kt:33)
	at kotlinx.coroutines.DispatchedTask.run(DispatchedTask.kt:106)
	at io.netty.util.concurrent.AbstractEventExecutor.safeExecute(AbstractEventExecutor.java:164)
	at io.netty.util.concurrent.SingleThreadEventExecutor.runAllTasks(SingleThreadEventExecutor.java:472)
	at io.netty.channel.nio.NioEventLoop.run(NioEventLoop.java:500)
	at io.netty.util.concurrent.SingleThreadEventExecutor$4.run(SingleThreadEventExecutor.java:989)
	at io.netty.util.internal.ThreadExecutorMap$2.run(ThreadExecutorMap.java:74)
	at io.netty.util.concurrent.FastThreadLocalRunnable.run(FastThreadLocalRunnable.java:30)
	at java.base/java.lang.Thread.run(Unknown Source)
[0m
[0m2021-10-09 06:54:38 V/Net 489275003: Recv: MessageSvc.PushForceOffline[0m
[0m2021-10-09 06:54:38 V/Net 489275003: No server list cached.[0m
[92m2021-10-09 06:54:38 I/Net 489275003: ECDH key is invalid, start to fetch ecdh public key from server.[0m
[92m2021-10-09 06:54:38 I/Net 489275003: Successfully fetched ecdh public key from server.[0m
[0m2021-10-09 06:54:38 V/Net 489275003: Send: wtlogin.login[0m
[0m2021-10-09 06:54:38 V/Net 489275003: Send: wtlogin.login[0m
[0m2021-10-09 06:54:38 V/Net 489275003: Recv: wtlogin.login[0m
[0m2021-10-09 06:54:38 V/Net 489275003: Recv: wtlogin.login[0m
[0m2021-10-09 06:54:38 V/Net 489275003: Send: StatSvc.register(online)[0m
[92m2021-10-09 06:54:38 I/Net 489275003: Server time updated, serverTime: 1633733678, diff: 0ms=0.0s[0m
[92m2021-10-09 06:54:38 I/Net 489275003: Scheduled key refresh in 23h 55min 0.0s.[0m
[92m2021-10-09 06:54:38 I/Net 489275003: Scheduled refresh login session in 19d 23h 55min 0.0s.[0m
[0m2021-10-09 06:54:38 V/Net 489275003: Recv: StatSvc.register[0m
[0m2021-10-09 06:54:41 V/Net 489275003: Saving bdh session to cache[0m
[0m2021-10-09 06:54:41 V/Net 489275003: Send: ConfigPushSvc.PushResp(ConfigPushSvc.PushResp)[0m
[0m2021-10-09 06:54:41 V/Net 489275003: Recv: ConfigPushSvc.PushReq[0m
[0m2021-10-09 06:55:11 V/Net 489275003: Send: MessageSvc.PbSendMsg(MessageSvc.PbSendMsg)[0m
[0m2021-10-09 06:55:12 V/Net 489275003: Recv: MessageSvc.PbSendMsg[0m
[0m2021-10-09 06:55:22 V/Net 489275003: Send: ImgStore.GroupPicUp(ImgStore.GroupPicUp)[0m
[0m2021-10-09 06:55:22 V/Net 489275003: Recv: ImgStore.GroupPicUp[0m
[0m2021-10-09 06:55:22 V/Net 489275003: Send: ImgStore.GroupPicUp(ImgStore.GroupPicUp)[0m
[0m2021-10-09 06:55:22 V/Net 489275003: Send: MessageSvc.PbSendMsg(MessageSvc.PbSendMsg)[0m
[0m2021-10-09 06:55:22 V/Net 489275003: Recv: ImgStore.GroupPicUp[0m
[0m2021-10-09 06:55:22 V/Net 489275003: Recv: MessageSvc.PbSendMsg[0m
[0m2021-10-09 06:55:55 V/Net 489275003: Send: MessageSvc.PbSendMsg(MessageSvc.PbSendMsg)[0m
[0m2021-10-09 06:55:55 V/Net 489275003: Recv: MessageSvc.PbSendMsg[0m
[0m2021-10-09 06:56:04 V/Net 489275003: Send: StatSvc.register(offline)[0m
