[0m2021-10-20 15:36:39 V/Net 2088667670: No server list cached.[0m
[92m2021-10-20 15:36:40 I/Net 2088667670: ECDH key is invalid, start to fetch ecdh public key from server.[0m
[92m2021-10-20 15:36:41 I/Net 2088667670: Successfully fetched ecdh public key from server.[0m
[0m2021-10-20 15:36:41 V/Net 2088667670: Send: wtlogin.login[0m
[0m2021-10-20 15:36:41 V/Net 2088667670: Recv: wtlogin.login[0m
[0m2021-10-20 15:37:13 V/Net 2088667670: Send: wtlogin.login[0m
[0m2021-10-20 15:37:13 V/Net 2088667670: Recv: wtlogin.login[0m
[91m2021-10-20 15:37:13 W/Net 2088667670: net.mamoe.mirai.network.WrongPasswordException: Error(bot=Bot(2088667670), code=237, title=禁止登录, message=当前上网环境异常，请更换网络环境或在常用设备上登录或稍后再试。, errorInfo=), tips=若频繁出现, 请尝试开启设备锁
net.mamoe.mirai.network.WrongPasswordException: Error(bot=Bot(2088667670), code=237, title=禁止登录, message=当前上网环境异常，请更换网络环境或在常用设备上登录或稍后再试。, errorInfo=), tips=若频繁出现, 请尝试开启设备锁
	at net.mamoe.mirai.internal.network.components.SsoProcessorImpl$SlowLoginImpl.doLogin(SsoProcessor.kt:265)
	at net.mamoe.mirai.internal.network.components.SsoProcessorImpl$SlowLoginImpl$doLogin$1.invokeSuspend(SsoProcessor.kt)
	at kotlin.coroutines.jvm.internal.BaseContinuationImpl.resumeWith(ContinuationImpl.kt:33)
	at kotlinx.coroutines.internal.ScopeCoroutine.afterResume(Scopes.kt:33)
	at kotlinx.coroutines.AbstractCoroutine.resumeWith(AbstractCoroutine.kt:102)
	at kotlin.coroutines.jvm.internal.BaseContinuationImpl.resumeWith(ContinuationImpl.kt:46)
	at kotlinx.coroutines.DispatchedTask.run(DispatchedTask.kt:106)
	at kotlinx.coroutines.scheduling.CoroutineScheduler.runSafely(CoroutineScheduler.kt:571)
	at kotlinx.coroutines.scheduling.CoroutineScheduler$Worker.executeTask(CoroutineScheduler.kt:750)
	at kotlinx.coroutines.scheduling.CoroutineScheduler$Worker.runWorker(CoroutineScheduler.kt:678)
	at kotlinx.coroutines.scheduling.CoroutineScheduler$Worker.run(CoroutineScheduler.kt:665)
[0m
[0m2021-10-20 15:37:24 V/Net 2088667670: No server list cached.[0m
[92m2021-10-20 15:37:24 I/Net 2088667670: ECDH key is invalid, start to fetch ecdh public key from server.[0m
[92m2021-10-20 15:37:24 I/Net 2088667670: Successfully fetched ecdh public key from server.[0m
[0m2021-10-20 15:37:24 V/Net 2088667670: Send: wtlogin.login[0m
[0m2021-10-20 15:37:24 V/Net 2088667670: Recv: wtlogin.login[0m
[0m2021-10-20 15:41:26 V/Net 2088667670: Send: wtlogin.login[0m
[0m2021-10-20 15:41:26 V/Net 2088667670: Recv: wtlogin.login[0m
[0m2021-10-20 15:41:29 V/Net 2088667670: Send: wtlogin.login[0m
[91m2021-10-20 15:41:30 W/Net 2088667670: net.mamoe.mirai.network.WrongPasswordException: Error(bot=Bot(2088667670), code=237, title=禁止登录, message=当前上网环境异常，请更换网络环境或在常用设备上登录或稍后再试。, errorInfo=), tips=若频繁出现, 请尝试开启设备锁
net.mamoe.mirai.network.WrongPasswordException: Error(bot=Bot(2088667670), code=237, title=禁止登录, message=当前上网环境异常，请更换网络环境或在常用设备上登录或稍后再试。, errorInfo=), tips=若频繁出现, 请尝试开启设备锁
	at net.mamoe.mirai.internal.network.components.SsoProcessorImpl$SlowLoginImpl.doLogin(SsoProcessor.kt:265)
	at net.mamoe.mirai.internal.network.components.SsoProcessorImpl$SlowLoginImpl$doLogin$1.invokeSuspend(SsoProcessor.kt)
	at kotlin.coroutines.jvm.internal.BaseContinuationImpl.resumeWith(ContinuationImpl.kt:33)
	at kotlinx.coroutines.internal.ScopeCoroutine.afterResume(Scopes.kt:33)
	at kotlinx.coroutines.AbstractCoroutine.resumeWith(AbstractCoroutine.kt:102)
	at kotlin.coroutines.jvm.internal.BaseContinuationImpl.resumeWith(ContinuationImpl.kt:46)
	at kotlinx.coroutines.DispatchedTask.run(DispatchedTask.kt:106)
	at kotlinx.coroutines.scheduling.CoroutineScheduler.runSafely(CoroutineScheduler.kt:571)
	at kotlinx.coroutines.scheduling.CoroutineScheduler$Worker.executeTask(CoroutineScheduler.kt:750)
	at kotlinx.coroutines.scheduling.CoroutineScheduler$Worker.runWorker(CoroutineScheduler.kt:678)
	at kotlinx.coroutines.scheduling.CoroutineScheduler$Worker.run(CoroutineScheduler.kt:665)
[0m
[0m2021-10-20 15:41:30 V/Net 2088667670: Recv: wtlogin.login[0m
[0m2021-10-20 15:41:36 V/Net 2088667670: No server list cached.[0m
[92m2021-10-20 15:41:36 I/Net 2088667670: ECDH key is invalid, start to fetch ecdh public key from server.[0m
[92m2021-10-20 15:41:37 I/Net 2088667670: Successfully fetched ecdh public key from server.[0m
[0m2021-10-20 15:41:37 V/Net 2088667670: Send: wtlogin.login[0m
[0m2021-10-20 15:41:37 V/Net 2088667670: Recv: wtlogin.login[0m
[0m2021-10-20 15:42:05 V/Net 2088667670: Send: wtlogin.login[0m
[0m2021-10-20 15:42:05 V/Net 2088667670: Recv: wtlogin.login[0m
[0m2021-10-20 15:42:14 V/Net 2088667670: Send: wtlogin.login[0m
[0m2021-10-20 15:42:14 V/Net 2088667670: Recv: wtlogin.login[0m
[0m2021-10-20 15:42:19 V/Net 2088667670: Send: wtlogin.login[0m
[0m2021-10-20 15:42:19 V/Net 2088667670: Recv: wtlogin.login[0m
[0m2021-10-20 15:42:43 V/Net 2088667670: Send: wtlogin.login[0m
[0m2021-10-20 15:42:43 V/Net 2088667670: Recv: wtlogin.login[0m
[0m2021-10-20 15:43:23 V/Net 2088667670: Send: wtlogin.login[0m
[91m2021-10-20 15:43:23 W/Net 2088667670: net.mamoe.mirai.network.WrongPasswordException: Error(bot=Bot(2088667670), code=237, title=禁止登录, message=当前上网环境异常，请更换网络环境或在常用设备上登录或稍后再试。, errorInfo=), tips=若频繁出现, 请尝试开启设备锁
net.mamoe.mirai.network.WrongPasswordException: Error(bot=Bot(2088667670), code=237, title=禁止登录, message=当前上网环境异常，请更换网络环境或在常用设备上登录或稍后再试。, errorInfo=), tips=若频繁出现, 请尝试开启设备锁
	at net.mamoe.mirai.internal.network.components.SsoProcessorImpl$SlowLoginImpl.doLogin(SsoProcessor.kt:265)
	at net.mamoe.mirai.internal.network.components.SsoProcessorImpl$SlowLoginImpl$doLogin$1.invokeSuspend(SsoProcessor.kt)
	at kotlin.coroutines.jvm.internal.BaseContinuationImpl.resumeWith(ContinuationImpl.kt:33)
	at kotlinx.coroutines.internal.ScopeCoroutine.afterResume(Scopes.kt:33)
	at kotlinx.coroutines.AbstractCoroutine.resumeWith(AbstractCoroutine.kt:102)
	at kotlin.coroutines.jvm.internal.BaseContinuationImpl.resumeWith(ContinuationImpl.kt:46)
	at kotlinx.coroutines.DispatchedTask.run(DispatchedTask.kt:106)
	at kotlinx.coroutines.scheduling.CoroutineScheduler.runSafely(CoroutineScheduler.kt:571)
	at kotlinx.coroutines.scheduling.CoroutineScheduler$Worker.executeTask(CoroutineScheduler.kt:750)
	at kotlinx.coroutines.scheduling.CoroutineScheduler$Worker.runWorker(CoroutineScheduler.kt:678)
	at kotlinx.coroutines.scheduling.CoroutineScheduler$Worker.run(CoroutineScheduler.kt:665)
[0m
[0m2021-10-20 15:43:23 V/Net 2088667670: Recv: wtlogin.login[0m
[0m2021-10-20 15:43:32 V/Net 2088667670: No server list cached.[0m
[92m2021-10-20 15:43:32 I/Net 2088667670: ECDH key is invalid, start to fetch ecdh public key from server.[0m
[92m2021-10-20 15:43:32 I/Net 2088667670: Successfully fetched ecdh public key from server.[0m
[0m2021-10-20 15:43:32 V/Net 2088667670: Send: wtlogin.login[0m
[0m2021-10-20 15:43:32 V/Net 2088667670: Recv: wtlogin.login[0m
[0m2021-10-20 15:46:02 V/Net 2088667670: Send: wtlogin.login[0m
[0m2021-10-20 15:46:02 V/Net 2088667670: Recv: wtlogin.login[0m
[91m2021-10-20 15:46:02 W/Net 2088667670: net.mamoe.mirai.network.WrongPasswordException: Error(bot=Bot(2088667670), code=237, title=禁止登录, message=当前上网环境异常，请更换网络环境或在常用设备上登录或稍后再试。, errorInfo=), tips=若频繁出现, 请尝试开启设备锁
net.mamoe.mirai.network.WrongPasswordException: Error(bot=Bot(2088667670), code=237, title=禁止登录, message=当前上网环境异常，请更换网络环境或在常用设备上登录或稍后再试。, errorInfo=), tips=若频繁出现, 请尝试开启设备锁
	at net.mamoe.mirai.internal.network.components.SsoProcessorImpl$SlowLoginImpl.doLogin(SsoProcessor.kt:265)
	at net.mamoe.mirai.internal.network.components.SsoProcessorImpl$SlowLoginImpl$doLogin$1.invokeSuspend(SsoProcessor.kt)
	at kotlin.coroutines.jvm.internal.BaseContinuationImpl.resumeWith(ContinuationImpl.kt:33)
	at kotlinx.coroutines.internal.ScopeCoroutine.afterResume(Scopes.kt:33)
	at kotlinx.coroutines.AbstractCoroutine.resumeWith(AbstractCoroutine.kt:102)
	at kotlin.coroutines.jvm.internal.BaseContinuationImpl.resumeWith(ContinuationImpl.kt:46)
	at kotlinx.coroutines.DispatchedTask.run(DispatchedTask.kt:106)
	at kotlinx.coroutines.scheduling.CoroutineScheduler.runSafely(CoroutineScheduler.kt:571)
	at kotlinx.coroutines.scheduling.CoroutineScheduler$Worker.executeTask(CoroutineScheduler.kt:750)
	at kotlinx.coroutines.scheduling.CoroutineScheduler$Worker.runWorker(CoroutineScheduler.kt:678)
	at kotlinx.coroutines.scheduling.CoroutineScheduler$Worker.run(CoroutineScheduler.kt:665)
[0m
[0m2021-10-20 15:52:32 V/Net 2088667670: No server list cached.[0m
[92m2021-10-20 15:52:33 I/Net 2088667670: ECDH key is invalid, start to fetch ecdh public key from server.[0m
[92m2021-10-20 15:52:34 I/Net 2088667670: Successfully fetched ecdh public key from server.[0m
[0m2021-10-20 15:52:34 V/Net 2088667670: Send: wtlogin.login[0m
[0m2021-10-20 15:52:34 V/Net 2088667670: Send: wtlogin.login[0m
[0m2021-10-20 15:52:34 V/Net 2088667670: Recv: wtlogin.login[0m
[0m2021-10-20 15:52:35 V/Net 2088667670: Recv: wtlogin.login[0m
[0m2021-10-20 15:52:35 V/Net 2088667670: Send: StatSvc.register(online)[0m
[0m2021-10-20 15:52:35 V/Net 2088667670: No BdhSession cache[0m
[92m2021-10-20 15:52:35 I/Net 2088667670: Syncing friend message history...[0m
[92m2021-10-20 15:52:35 I/Net 2088667670: Server time updated, serverTime: 1634716355, diff: 0ms=0.0s[0m
[0m2021-10-20 15:52:35 V/Net 2088667670: Recv: StatSvc.register[0m
[92m2021-10-20 15:52:35 I/Net 2088667670: Start loading stranger list...[0m
[0m2021-10-20 15:52:35 V/Net 2088667670: Send: OidbSvc.0x5d2_0(OidbSvc.0x5d2_0)[0m
[92m2021-10-20 15:52:35 I/Net 2088667670: Start loading friend list...[0m
[0m2021-10-20 15:52:35 V/Net 2088667670: Send: StatSvc.GetDevLoginInfo(StatSvc.GetDevLoginInfo)[0m
[0m2021-10-20 15:52:35 V/Net 2088667670: Send: OidbSvc.0x496(OidbSvc.0x496)[0m
[0m2021-10-20 15:52:35 V/Net 2088667670: Send: friendlist.getFriendGroupList(friendlist.getFriendGroupList)[0m
[92m2021-10-20 15:52:36 I/Net 2088667670: Successfully loaded stranger list: 0 in total[0m
[0m2021-10-20 15:52:36 V/Net 2088667670: Recv: OidbSvc.0x5d2_0[0m
[92m2021-10-20 15:52:36 I/Net 2088667670: Online OtherClients: ZHJ-PC(WINDOWS)[0m
[0m2021-10-20 15:52:36 V/Net 2088667670: Recv: StatSvc.GetDevLoginInfo[0m
[92m2021-10-20 15:52:36 I/Net 2088667670: Syncing friend message history: Success.[0m
[92m2021-10-20 15:52:36 I/Net 2088667670: Start loading group list...[0m
[0m2021-10-20 15:52:36 V/Net 2088667670: Send: friendlist.GetTroopListReqV2(friendlist.GetTroopListReqV2)[0m
[0m2021-10-20 15:52:36 V/Net 2088667670: Recv: OidbSvc.0x496[0m
[0m2021-10-20 15:52:36 V/Net 2088667670: Loading friend list: 4/4[0m
[92m2021-10-20 15:52:36 I/Net 2088667670: Successfully loaded friend list: 4 in total[0m
[0m2021-10-20 15:52:36 V/Net 2088667670: Recv: friendlist.getFriendGroupList[0m
[0m2021-10-20 15:52:37 V/Net 2088667670: Send: friendlist.GetTroopMemberListReq(friendlist.GetTroopMemberListReq)[0m
[0m2021-10-20 15:52:37 V/Net 2088667670: Recv: friendlist.GetTroopListReqV2[0m
[0m2021-10-20 15:52:37 V/Net 2088667670: Recv: friendlist.GetTroopMemberListReq[0m
[92m2021-10-20 15:52:37 I/Net 2088667670: Successfully loaded group list: 1 in total.[0m
[92m2021-10-20 15:52:37 I/Net 2088667670: Scheduled key refresh in 23h 55min 0.0s.[0m
[92m2021-10-20 15:52:37 I/Net 2088667670: Scheduled refresh login session in 19d 23h 55min 0.0s.[0m
[92m2021-10-20 15:52:38 I/Net 2088667670: Server list: 60.28.172.94:443, 157.255.13.227:80, 120.232.27.24:443, 183.47.98.25:8080, 42.81.172.22:80, msfwifi.3g.qq.com:8080, 109.244.168.39:443, 180.109.192.45:14000.[0m
[0m2021-10-20 15:52:38 V/Net 2088667670: No BdhSession to save to cache[0m
[0m2021-10-20 15:52:38 V/Net 2088667670: Saving server list to cache[0m
[0m2021-10-20 15:52:38 V/Net 2088667670: Send: ConfigPushSvc.PushResp(ConfigPushSvc.PushResp)[0m
[0m2021-10-20 15:52:38 V/Net 2088667670: Recv: ConfigPushSvc.PushReq[0m
[0m2021-10-20 15:52:39 V/Net 2088667670: Saving bdh session to cache[0m
[0m2021-10-20 15:52:39 V/Net 2088667670: Send: ConfigPushSvc.PushResp(ConfigPushSvc.PushResp)[0m
[0m2021-10-20 15:52:39 V/Net 2088667670: Recv: ConfigPushSvc.PushReq[0m
[91m2021-10-20 15:52:48 W/Net 2088667670: NettyChannelException(message=null, cause=null)
NettyChannelException(message=null, cause=null)
	at net.mamoe.mirai.internal.network.impl.netty.NettyNetworkHandler.createConnection$lambda-3(NettyNetworkHandler.kt:162)
	at io.netty.util.concurrent.DefaultPromise.notifyListener0(DefaultPromise.java:578)
	at io.netty.util.concurrent.DefaultPromise.notifyListenersNow(DefaultPromise.java:552)
	at io.netty.util.concurrent.DefaultPromise.notifyListeners(DefaultPromise.java:491)
	at io.netty.util.concurrent.DefaultPromise.setValue0(DefaultPromise.java:616)
	at io.netty.util.concurrent.DefaultPromise.setSuccess0(DefaultPromise.java:605)
	at io.netty.util.concurrent.DefaultPromise.trySuccess(DefaultPromise.java:104)
	at io.netty.channel.DefaultChannelPromise.trySuccess(DefaultChannelPromise.java:84)
	at io.netty.channel.AbstractChannel$CloseFuture.setClosed(AbstractChannel.java:1186)
	at io.netty.channel.AbstractChannel$AbstractUnsafe.doClose0(AbstractChannel.java:773)
	at io.netty.channel.AbstractChannel$AbstractUnsafe.close(AbstractChannel.java:749)
	at io.netty.channel.AbstractChannel$AbstractUnsafe.close(AbstractChannel.java:620)
	at io.netty.channel.nio.AbstractNioByteChannel$NioByteUnsafe.closeOnRead(AbstractNioByteChannel.java:105)
	at io.netty.channel.nio.AbstractNioByteChannel$NioByteUnsafe.read(AbstractNioByteChannel.java:174)
	at io.netty.channel.nio.NioEventLoop.processSelectedKey(NioEventLoop.java:719)
	at io.netty.channel.nio.NioEventLoop.processSelectedKeysOptimized(NioEventLoop.java:655)
	at io.netty.channel.nio.NioEventLoop.processSelectedKeys(NioEventLoop.java:581)
	at io.netty.channel.nio.NioEventLoop.run(NioEventLoop.java:493)
	at io.netty.util.concurrent.SingleThreadEventExecutor$4.run(SingleThreadEventExecutor.java:989)
	at io.netty.util.internal.ThreadExecutorMap$2.run(ThreadExecutorMap.java:74)
	at io.netty.util.concurrent.FastThreadLocalRunnable.run(FastThreadLocalRunnable.java:30)
	at java.base/java.lang.Thread.run(Unknown Source)
[0m
[0m2021-10-20 15:52:48 V/Net 2088667670: Loading server list from cache.[0m
[92m2021-10-20 15:52:48 I/Net 2088667670: Server list: 60.28.172.94:443, 157.255.13.227:80, 120.232.27.24:443, 183.47.98.25:8080, 42.81.172.22:80, msfwifi.3g.qq.com:8080, 109.244.168.39:443, 180.109.192.45:14000.[0m
[92m2021-10-20 15:52:48 I/Net 2088667670: ECDH key is valid.[0m
[0m2021-10-20 15:52:48 V/Net 2088667670: Send: wtlogin.exchange_emp[0m
[0m2021-10-20 15:52:48 V/Net 2088667670: Send: StatSvc.register(online)[0m
[0m2021-10-20 15:52:48 V/Net 2088667670: Recv: wtlogin.exchange_emp[0m
[92m2021-10-20 15:52:48 I/Net 2088667670: Server time updated, serverTime: 1634716368, diff: 0ms=0.0s[0m
[0m2021-10-20 15:52:48 V/Net 2088667670: Recv: StatSvc.register[0m
[92m2021-10-20 15:52:48 I/Net 2088667670: Scheduled key refresh in 23h 55min 0.0s.[0m
[92m2021-10-20 15:52:48 I/Net 2088667670: Scheduled refresh login session in 19d 23h 55min 0.0s.[0m
[92m2021-10-20 15:52:51 I/Net 2088667670: Server list: 157.255.13.124:80, 221.198.69.95:443, 125.94.60.146:8080, 120.241.139.19:443, 101.91.42.98:14000, msfwifi.3g.qq.com:8080, 109.244.168.51:443, 42.81.170.51:80.[0m
[0m2021-10-20 15:52:51 V/Net 2088667670: Saving bdh session to cache[0m
[0m2021-10-20 15:52:51 V/Net 2088667670: Saving server list to cache[0m
[0m2021-10-20 15:52:51 V/Net 2088667670: Send: ConfigPushSvc.PushResp(ConfigPushSvc.PushResp)[0m
[0m2021-10-20 15:52:51 V/Net 2088667670: Recv: ConfigPushSvc.PushReq[0m
[0m2021-10-20 15:52:51 V/Net 2088667670: Saving bdh session to cache[0m
[0m2021-10-20 15:52:51 V/Net 2088667670: Send: ConfigPushSvc.PushResp(ConfigPushSvc.PushResp)[0m
[0m2021-10-20 15:52:51 V/Net 2088667670: Recv: ConfigPushSvc.PushReq[0m
[0m2021-10-20 15:53:05 V/Net 2088667670: Send: StatSvc.register(offline)[0m
[91m2021-10-20 15:53:55 W/Net 2088667670: io.netty.channel.ConnectTimeoutException: connection timed out: /183.3.235.162:14000
io.netty.channel.ConnectTimeoutException: connection timed out: /183.3.235.162:14000
	at io.netty.channel.nio.AbstractNioChannel$AbstractNioUnsafe$1.run(AbstractNioChannel.java:261)
	at io.netty.util.concurrent.PromiseTask.runTask(PromiseTask.java:98)
	at io.netty.util.concurrent.ScheduledFutureTask.run(ScheduledFutureTask.java:170)
	at io.netty.util.concurrent.AbstractEventExecutor.safeExecute(AbstractEventExecutor.java:164)
	at io.netty.util.concurrent.SingleThreadEventExecutor.runAllTasks(SingleThreadEventExecutor.java:472)
	at io.netty.channel.nio.NioEventLoop.run(NioEventLoop.java:500)
	at io.netty.util.concurrent.SingleThreadEventExecutor$4.run(SingleThreadEventExecutor.java:989)
	at io.netty.util.internal.ThreadExecutorMap$2.run(ThreadExecutorMap.java:74)
	at io.netty.util.concurrent.FastThreadLocalRunnable.run(FastThreadLocalRunnable.java:30)
	at java.base/java.lang.Thread.run(Unknown Source)
	Suppressed: kotlinx.coroutines.JobCancellationException: Parent job is Cancelling; job=JobImpl{Cancelled}@e1ae7f6
	Caused by: [CIRCULAR REFERENCE: io.netty.channel.ConnectTimeoutException: connection timed out: /183.3.235.162:14000]
	Suppressed: [CIRCULAR REFERENCE: kotlinx.coroutines.JobCancellationException: Parent job is Cancelling; job=JobImpl{Cancelled}@e1ae7f6]
[0m
[0m2021-10-20 15:53:55 V/Net 2088667670: Loading server list from cache.[0m
[92m2021-10-20 15:53:55 I/Net 2088667670: Server list: 157.255.13.124:80, 221.198.69.95:443, 125.94.60.146:8080, 120.241.139.19:443, 101.91.42.98:14000, msfwifi.3g.qq.com:8080, 109.244.168.51:443, 42.81.170.51:80.[0m
[92m2021-10-20 15:53:56 I/Net 2088667670: ECDH key is valid.[0m
[0m2021-10-20 15:53:56 V/Net 2088667670: Send: wtlogin.exchange_emp[0m
[0m2021-10-20 15:53:56 V/Net 2088667670: Recv: wtlogin.exchange_emp[0m
[0m2021-10-20 15:53:56 V/Net 2088667670: Send: StatSvc.register(online)[0m
[0m2021-10-20 15:53:56 V/Net 2088667670: Loading BdhSession from cache file[0m
[92m2021-10-20 15:53:56 I/Net 2088667670: Server time updated, serverTime: 1634716436, diff: 0ms=0.0s[0m
[0m2021-10-20 15:53:56 V/Net 2088667670: Recv: StatSvc.register[0m
[92m2021-10-20 15:53:56 I/Net 2088667670: Syncing friend message history...[0m
[92m2021-10-20 15:53:56 I/Net 2088667670: Start loading stranger list...[0m
[0m2021-10-20 15:53:56 V/Net 2088667670: Send: StatSvc.GetDevLoginInfo(StatSvc.GetDevLoginInfo)[0m
[0m2021-10-20 15:53:56 V/Net 2088667670: Send: OidbSvc.0x5d2_0(OidbSvc.0x5d2_0)[0m
[92m2021-10-20 15:53:56 I/Net 2088667670: Start loading friend list...[0m
[0m2021-10-20 15:53:56 V/Net 2088667670: Send: OidbSvc.0x496(OidbSvc.0x496)[0m
[0m2021-10-20 15:53:56 V/Net 2088667670: Send: friendlist.getFriendGroupList(friendlist.getFriendGroupList)[0m
[92m2021-10-20 15:53:56 I/Net 2088667670: Start loading group list...[0m
[0m2021-10-20 15:53:56 V/Net 2088667670: Send: friendlist.GetTroopListReqV2(friendlist.GetTroopListReqV2)[0m
[92m2021-10-20 15:53:56 I/Net 2088667670: Successfully loaded stranger list: 0 in total[0m
[0m2021-10-20 15:53:56 V/Net 2088667670: Recv: OidbSvc.0x496[0m
[0m2021-10-20 15:53:56 V/Net 2088667670: Recv: OidbSvc.0x5d2_0[0m
[92m2021-10-20 15:53:56 I/Net 2088667670: Online OtherClients: ZHJ-PC(WINDOWS)[0m
[0m2021-10-20 15:53:56 V/Net 2088667670: Recv: StatSvc.GetDevLoginInfo[0m
[92m2021-10-20 15:53:56 I/Net 2088667670: Syncing friend message history: Success.[0m
[0m2021-10-20 15:53:56 V/Net 2088667670: Loading friend list: 4/4[0m
[92m2021-10-20 15:53:56 I/Net 2088667670: Successfully loaded friend list: 4 in total[0m
[0m2021-10-20 15:53:56 V/Net 2088667670: Recv: friendlist.getFriendGroupList[0m
[0m2021-10-20 15:53:56 V/Net 2088667670: Send: friendlist.GetTroopMemberListReq(friendlist.GetTroopMemberListReq)[0m
[0m2021-10-20 15:53:56 V/Net 2088667670: Recv: friendlist.GetTroopListReqV2[0m
[0m2021-10-20 15:53:57 V/Net 2088667670: Recv: friendlist.GetTroopMemberListReq[0m
[92m2021-10-20 15:53:57 I/Net 2088667670: Successfully loaded group list: 1 in total.[0m
[92m2021-10-20 15:53:57 I/Net 2088667670: Scheduled key refresh in 23h 55min 0.0s.[0m
[92m2021-10-20 15:53:57 I/Net 2088667670: Scheduled refresh login session in 19d 23h 55min 0.0s.[0m
[0m2021-10-20 15:53:59 V/Net 2088667670: Saving bdh session to cache[0m
[0m2021-10-20 15:53:59 V/Net 2088667670: Send: ConfigPushSvc.PushResp(ConfigPushSvc.PushResp)[0m
[0m2021-10-20 15:53:59 V/Net 2088667670: Recv: ConfigPushSvc.PushReq[0m
[0m2021-10-20 15:54:08 V/Net 2088667670: Send: StatSvc.register(offline)[0m
[0m2021-10-20 15:58:40 V/Net 2088667670: Loading server list from cache.[0m
[92m2021-10-20 15:58:40 I/Net 2088667670: Server list: 157.255.13.124:80, 221.198.69.95:443, 125.94.60.146:8080, 120.241.139.19:443, 101.91.42.98:14000, msfwifi.3g.qq.com:8080, 109.244.168.51:443, 42.81.170.51:80.[0m
[92m2021-10-20 15:58:41 I/Net 2088667670: ECDH key is valid.[0m
[0m2021-10-20 15:58:41 V/Net 2088667670: Send: wtlogin.exchange_emp[0m
[0m2021-10-20 15:58:45 V/Net 2088667670: Recv: wtlogin.exchange_emp[0m
[0m2021-10-20 15:58:45 V/Net 2088667670: Send: StatSvc.register(online)[0m
[0m2021-10-20 15:58:47 V/Net 2088667670: Loading BdhSession from cache file[0m
[92m2021-10-20 15:58:47 I/Net 2088667670: Server time updated, serverTime: 1634716726, diff: -1ms=-0.001s[0m
[0m2021-10-20 15:58:47 V/Net 2088667670: Recv: StatSvc.register[0m
[92m2021-10-20 15:58:47 I/Net 2088667670: Syncing friend message history...[0m
[92m2021-10-20 15:58:47 I/Net 2088667670: Start loading stranger list...[0m
[0m2021-10-20 15:58:47 V/Net 2088667670: Send: OidbSvc.0x5d2_0(OidbSvc.0x5d2_0)[0m
[92m2021-10-20 15:58:47 I/Net 2088667670: Start loading friend list...[0m
[0m2021-10-20 15:58:47 V/Net 2088667670: Send: StatSvc.GetDevLoginInfo(StatSvc.GetDevLoginInfo)[0m
[0m2021-10-20 15:58:47 V/Net 2088667670: Send: friendlist.getFriendGroupList(friendlist.getFriendGroupList)[0m
[0m2021-10-20 15:58:47 V/Net 2088667670: Send: OidbSvc.0x496(OidbSvc.0x496)[0m
[92m2021-10-20 15:58:49 I/Net 2088667670: Successfully loaded stranger list: 0 in total[0m
[0m2021-10-20 15:58:49 V/Net 2088667670: Recv: OidbSvc.0x5d2_0[0m
[92m2021-10-20 15:58:49 I/Net 2088667670: Online OtherClients: ZHJ-PC(WINDOWS)[0m
[0m2021-10-20 15:58:49 V/Net 2088667670: Recv: StatSvc.GetDevLoginInfo[0m
[92m2021-10-20 15:58:49 I/Net 2088667670: Start loading group list...[0m
[0m2021-10-20 15:58:49 V/Net 2088667670: Send: friendlist.GetTroopListReqV2(friendlist.GetTroopListReqV2)[0m
[0m2021-10-20 15:58:49 V/Net 2088667670: Recv: OidbSvc.0x496[0m
[0m2021-10-20 15:58:49 V/Net 2088667670: Loading friend list: 4/4[0m
[92m2021-10-20 15:58:49 I/Net 2088667670: Successfully loaded friend list: 4 in total[0m
[0m2021-10-20 15:58:49 V/Net 2088667670: Recv: friendlist.getFriendGroupList[0m
[92m2021-10-20 15:58:51 I/Net 2088667670: Syncing friend message history: Success.[0m
[0m2021-10-20 15:58:54 V/Net 2088667670: Send: friendlist.GetTroopListReqV2(friendlist.GetTroopListReqV2)[0m
[0m2021-10-20 15:58:55 V/Net 2088667670: Send: friendlist.GetTroopMemberListReq(friendlist.GetTroopMemberListReq)[0m
[0m2021-10-20 15:58:55 V/Net 2088667670: Recv: friendlist.GetTroopListReqV2[0m
[0m2021-10-20 15:58:55 V/Net 2088667670: Saving bdh session to cache[0m
[0m2021-10-20 15:58:55 V/Net 2088667670: Send: ConfigPushSvc.PushResp(ConfigPushSvc.PushResp)[0m
[0m2021-10-20 15:58:55 V/Net 2088667670: Recv: ConfigPushSvc.PushReq[0m
[0m2021-10-20 15:58:56 V/Net 2088667670: Recv: friendlist.GetTroopListReqV2[0m
[0m2021-10-20 15:58:58 V/Net 2088667670: Recv: friendlist.GetTroopMemberListReq[0m
[92m2021-10-20 15:58:58 I/Net 2088667670: Successfully loaded group list: 1 in total.[0m
[92m2021-10-20 15:58:58 I/Net 2088667670: Scheduled key refresh in 23h 55min 0.0s.[0m
[92m2021-10-20 15:58:58 I/Net 2088667670: Scheduled refresh login session in 19d 23h 55min 0.0s.[0m
[0m2021-10-20 15:59:10 V/Net 2088667670: Send: MessageSvc.PbSendMsg(MessageSvc.PbSendMsg)[0m
[0m2021-10-20 15:59:12 V/Net 2088667670: Recv: MessageSvc.PbSendMsg[0m
[0m2021-10-20 15:59:48 V/Net 2088667670: Send: MessageSvc.PbSendMsg(MessageSvc.PbSendMsg)[0m
[0m2021-10-20 15:59:49 V/Net 2088667670: Recv: MessageSvc.PbSendMsg[0m
[0m2021-10-20 16:00:04 V/Net 2088667670: Send: StatSvc.register(offline)[0m
[0m2021-10-20 16:06:50 V/Net 2088667670: Loading server list from cache.[0m
[92m2021-10-20 16:06:50 I/Net 2088667670: Server list: 157.255.13.124:80, 221.198.69.95:443, 125.94.60.146:8080, 120.241.139.19:443, 101.91.42.98:14000, msfwifi.3g.qq.com:8080, 109.244.168.51:443, 42.81.170.51:80.[0m
[92m2021-10-20 16:06:50 I/Net 2088667670: ECDH key is valid.[0m
[0m2021-10-20 16:06:50 V/Net 2088667670: Send: wtlogin.exchange_emp[0m
[0m2021-10-20 16:06:51 V/Net 2088667670: Recv: wtlogin.exchange_emp[0m
[0m2021-10-20 16:06:51 V/Net 2088667670: Send: StatSvc.register(online)[0m
[92m2021-10-20 16:06:51 I/Net 2088667670: Server time updated, serverTime: 1634717211, diff: 0ms=0.0s[0m
[0m2021-10-20 16:06:51 V/Net 2088667670: Recv: StatSvc.register[0m
[0m2021-10-20 16:06:51 V/Net 2088667670: Loading BdhSession from cache file[0m
[92m2021-10-20 16:06:51 I/Net 2088667670: Syncing friend message history...[0m
[92m2021-10-20 16:06:51 I/Net 2088667670: Start loading stranger list...[0m
[0m2021-10-20 16:06:51 V/Net 2088667670: Send: OidbSvc.0x5d2_0(OidbSvc.0x5d2_0)[0m
[0m2021-10-20 16:06:51 V/Net 2088667670: Send: StatSvc.GetDevLoginInfo(StatSvc.GetDevLoginInfo)[0m
[92m2021-10-20 16:06:51 I/Net 2088667670: Start loading friend list...[0m
[0m2021-10-20 16:06:51 V/Net 2088667670: Send: OidbSvc.0x496(OidbSvc.0x496)[0m
[0m2021-10-20 16:06:51 V/Net 2088667670: Send: friendlist.getFriendGroupList(friendlist.getFriendGroupList)[0m
[92m2021-10-20 16:06:51 I/Net 2088667670: Successfully loaded stranger list: 0 in total[0m
[0m2021-10-20 16:06:51 V/Net 2088667670: Recv: OidbSvc.0x5d2_0[0m
[92m2021-10-20 16:06:51 I/Net 2088667670: Online OtherClients: ZHJ-PC(WINDOWS)[0m
[0m2021-10-20 16:06:51 V/Net 2088667670: Recv: StatSvc.GetDevLoginInfo[0m
[92m2021-10-20 16:06:51 I/Net 2088667670: Start loading group list...[0m
[0m2021-10-20 16:06:51 V/Net 2088667670: Send: friendlist.GetTroopListReqV2(friendlist.GetTroopListReqV2)[0m
[0m2021-10-20 16:06:51 V/Net 2088667670: Recv: OidbSvc.0x496[0m
[92m2021-10-20 16:06:51 I/Net 2088667670: Syncing friend message history: Success.[0m
[0m2021-10-20 16:06:51 V/Net 2088667670: Loading friend list: 4/4[0m
[92m2021-10-20 16:06:51 I/Net 2088667670: Successfully loaded friend list: 4 in total[0m
[0m2021-10-20 16:06:51 V/Net 2088667670: Recv: friendlist.getFriendGroupList[0m
[0m2021-10-20 16:06:51 V/Net 2088667670: Send: friendlist.GetTroopMemberListReq(friendlist.GetTroopMemberListReq)[0m
[0m2021-10-20 16:06:51 V/Net 2088667670: Recv: friendlist.GetTroopListReqV2[0m
[0m2021-10-20 16:06:51 V/Net 2088667670: Recv: friendlist.GetTroopMemberListReq[0m
[92m2021-10-20 16:06:51 I/Net 2088667670: Successfully loaded group list: 1 in total.[0m
[92m2021-10-20 16:06:51 I/Net 2088667670: Scheduled key refresh in 23h 55min 0.0s.[0m
[92m2021-10-20 16:06:51 I/Net 2088667670: Scheduled refresh login session in 19d 23h 55min 0.0s.[0m
[0m2021-10-20 16:06:54 V/Net 2088667670: Saving bdh session to cache[0m
[0m2021-10-20 16:06:54 V/Net 2088667670: Send: ConfigPushSvc.PushResp(ConfigPushSvc.PushResp)[0m
[0m2021-10-20 16:06:54 V/Net 2088667670: Recv: ConfigPushSvc.PushReq[0m
[0m2021-10-20 16:07:02 V/Net 2088667670: Send: MessageSvc.PbSendMsg(MessageSvc.PbSendMsg)[0m
[0m2021-10-20 16:07:02 V/Net 2088667670: Recv: MessageSvc.PbSendMsg[0m
[0m2021-10-20 16:07:02 V/Net 2088667670: Send: MessageSvc.PbSendMsg(MessageSvc.PbSendMsg)[0m
[0m2021-10-20 16:07:02 V/Net 2088667670: Recv: MessageSvc.PbSendMsg[0m
[0m2021-10-20 16:07:10 V/Net 2088667670: Send: MessageSvc.PbSendMsg(MessageSvc.PbSendMsg)[0m
[0m2021-10-20 16:07:10 V/Net 2088667670: Recv: MessageSvc.PbSendMsg[0m
[0m2021-10-20 16:07:15 V/Net 2088667670: Send: MessageSvc.PbSendMsg(MessageSvc.PbSendMsg)[0m
[0m2021-10-20 16:07:15 V/Net 2088667670: Recv: MessageSvc.PbSendMsg[0m
[0m2021-10-20 16:07:30 V/Net 2088667670: Send: MessageSvc.PbSendMsg(MessageSvc.PbSendMsg)[0m
[0m2021-10-20 16:07:30 V/Net 2088667670: Send: MessageSvc.PbSendMsg(MessageSvc.PbSendMsg)[0m
[0m2021-10-20 16:07:30 V/Net 2088667670: Recv: MessageSvc.PbSendMsg[0m
[0m2021-10-20 16:07:30 V/Net 2088667670: Recv: MessageSvc.PbSendMsg[0m
[0m2021-10-20 16:08:12 V/Net 2088667670: Send: MessageSvc.PbSendMsg(MessageSvc.PbSendMsg)[0m
[0m2021-10-20 16:08:12 V/Net 2088667670: Recv: MessageSvc.PbSendMsg[0m
[0m2021-10-20 16:09:45 V/Net 2088667670: Send: MessageSvc.PbSendMsg(MessageSvc.PbSendMsg)[0m
[0m2021-10-20 16:09:45 V/Net 2088667670: Recv: MessageSvc.PbSendMsg[0m
[0m2021-10-20 16:09:50 V/Net 2088667670: Send: MessageSvc.PbSendMsg(MessageSvc.PbSendMsg)[0m
[0m2021-10-20 16:09:50 V/Net 2088667670: Recv: MessageSvc.PbSendMsg[0m
[0m2021-10-20 16:10:36 V/Net 2088667670: Send: MessageSvc.PbSendMsg(MessageSvc.PbSendMsg)[0m
[0m2021-10-20 16:10:36 V/Net 2088667670: Recv: MessageSvc.PbSendMsg[0m
[0m2021-10-20 16:10:44 V/Net 2088667670: Send: ImgStore.GroupPicUp(ImgStore.GroupPicUp)[0m
[0m2021-10-20 16:10:44 V/Net 2088667670: Recv: ImgStore.GroupPicUp[0m
[0m2021-10-20 16:10:44 V/Net 2088667670: Send: ImgStore.GroupPicUp(ImgStore.GroupPicUp)[0m
[0m2021-10-20 16:10:44 V/Net 2088667670: Send: MessageSvc.PbSendMsg(MessageSvc.PbSendMsg)[0m
[0m2021-10-20 16:10:44 V/Net 2088667670: Recv: ImgStore.GroupPicUp[0m
[0m2021-10-20 16:10:45 V/Net 2088667670: Recv: MessageSvc.PbSendMsg[0m
[0m2021-10-20 16:10:56 V/Net 2088667670: Send: StatSvc.register(offline)[0m
[0m2021-10-20 16:21:29 V/Net 2088667670: Loading server list from cache.[0m
[92m2021-10-20 16:21:29 I/Net 2088667670: Server list: 157.255.13.124:80, 221.198.69.95:443, 125.94.60.146:8080, 120.241.139.19:443, 101.91.42.98:14000, msfwifi.3g.qq.com:8080, 109.244.168.51:443, 42.81.170.51:80.[0m
[92m2021-10-20 16:21:30 I/Net 2088667670: ECDH key is valid.[0m
[0m2021-10-20 16:21:30 V/Net 2088667670: Send: wtlogin.exchange_emp[0m
[0m2021-10-20 16:21:31 V/Net 2088667670: Recv: wtlogin.exchange_emp[0m
[0m2021-10-20 16:21:31 V/Net 2088667670: Send: StatSvc.register(online)[0m
[92m2021-10-20 16:21:31 I/Net 2088667670: Server time updated, serverTime: 1634718091, diff: 0ms=0.0s[0m
[0m2021-10-20 16:21:31 V/Net 2088667670: Recv: StatSvc.register[0m
[0m2021-10-20 16:21:31 V/Net 2088667670: Loading BdhSession from cache file[0m
[92m2021-10-20 16:21:31 I/Net 2088667670: Syncing friend message history...[0m
[92m2021-10-20 16:21:31 I/Net 2088667670: Start loading stranger list...[0m
[0m2021-10-20 16:21:31 V/Net 2088667670: Send: OidbSvc.0x5d2_0(OidbSvc.0x5d2_0)[0m
[0m2021-10-20 16:21:31 V/Net 2088667670: Send: StatSvc.GetDevLoginInfo(StatSvc.GetDevLoginInfo)[0m
[92m2021-10-20 16:21:31 I/Net 2088667670: Start loading friend list...[0m
[0m2021-10-20 16:21:31 V/Net 2088667670: Send: OidbSvc.0x496(OidbSvc.0x496)[0m
[0m2021-10-20 16:21:31 V/Net 2088667670: Send: friendlist.getFriendGroupList(friendlist.getFriendGroupList)[0m
[92m2021-10-20 16:21:32 I/Net 2088667670: Syncing friend message history: Success.[0m
[92m2021-10-20 16:21:32 I/Net 2088667670: Online OtherClients: ZHJ-PC(WINDOWS)[0m
[0m2021-10-20 16:21:32 V/Net 2088667670: Recv: StatSvc.GetDevLoginInfo[0m
[92m2021-10-20 16:21:32 I/Net 2088667670: Start loading group list...[0m
[0m2021-10-20 16:21:32 V/Net 2088667670: Send: friendlist.GetTroopListReqV2(friendlist.GetTroopListReqV2)[0m
[0m2021-10-20 16:21:32 V/Net 2088667670: Recv: OidbSvc.0x496[0m
[0m2021-10-20 16:21:32 V/Net 2088667670: Loading friend list: 4/4[0m
[92m2021-10-20 16:21:32 I/Net 2088667670: Successfully loaded friend list: 4 in total[0m
[0m2021-10-20 16:21:32 V/Net 2088667670: Recv: friendlist.getFriendGroupList[0m
[92m2021-10-20 16:21:32 I/Net 2088667670: Successfully loaded stranger list: 0 in total[0m
[0m2021-10-20 16:21:32 V/Net 2088667670: Recv: OidbSvc.0x5d2_0[0m
[0m2021-10-20 16:21:33 V/Net 2088667670: Recv: friendlist.GetTroopListReqV2[0m
[0m2021-10-20 16:21:33 V/Net 2088667670: Send: friendlist.GetTroopMemberListReq(friendlist.GetTroopMemberListReq)[0m
[0m2021-10-20 16:21:34 V/Net 2088667670: Recv: friendlist.GetTroopMemberListReq[0m
[92m2021-10-20 16:21:34 I/Net 2088667670: Successfully loaded group list: 1 in total.[0m
[92m2021-10-20 16:21:34 I/Net 2088667670: Scheduled key refresh in 23h 55min 0.0s.[0m
[92m2021-10-20 16:21:34 I/Net 2088667670: Scheduled refresh login session in 19d 23h 55min 0.0s.[0m
[0m2021-10-20 16:21:34 V/Net 2088667670: Saving bdh session to cache[0m
[0m2021-10-20 16:21:34 V/Net 2088667670: Send: ConfigPushSvc.PushResp(ConfigPushSvc.PushResp)[0m
[0m2021-10-20 16:21:34 V/Net 2088667670: Recv: ConfigPushSvc.PushReq[0m
[0m2021-10-20 16:22:20 V/Net 2088667670: Send: ImgStore.GroupPicUp(ImgStore.GroupPicUp)[0m
[0m2021-10-20 16:22:20 V/Net 2088667670: Recv: ImgStore.GroupPicUp[0m
[0m2021-10-20 16:22:20 V/Net 2088667670: Send: ImgStore.GroupPicUp(ImgStore.GroupPicUp)[0m
[0m2021-10-20 16:22:21 V/Net 2088667670: Send: MessageSvc.PbSendMsg(MessageSvc.PbSendMsg)[0m
[0m2021-10-20 16:22:21 V/Net 2088667670: Recv: ImgStore.GroupPicUp[0m
[0m2021-10-20 16:22:26 V/Net 2088667670: Send: MessageSvc.PbSendMsg(MessageSvc.PbSendMsg)[0m
[0m2021-10-20 16:22:26 V/Net 2088667670: Recv: MessageSvc.PbSendMsg[0m
[0m2021-10-20 16:22:27 V/Net 2088667670: Recv: MessageSvc.PbSendMsg[0m
[0m2021-10-20 16:27:04 V/Net 2088667670: Send: MessageSvc.PbSendMsg(MessageSvc.PbSendMsg)[0m
[0m2021-10-20 16:27:05 V/Net 2088667670: Recv: MessageSvc.PbSendMsg[0m
[0m2021-10-20 16:36:26 V/Net 2088667670: Send: MessageSvc.PbSendMsg(MessageSvc.PbSendMsg)[0m
[0m2021-10-20 16:36:27 V/Net 2088667670: Recv: MessageSvc.PbSendMsg[0m
[0m2021-10-20 16:52:34 V/Net 2088667670: Send: MessageSvc.PbSendMsg(MessageSvc.PbSendMsg)[0m
[0m2021-10-20 16:52:35 V/Net 2088667670: Recv: MessageSvc.PbSendMsg[0m
[0m2021-10-20 17:00:47 V/Net 2088667670: Send: MessageSvc.PbSendMsg(MessageSvc.PbSendMsg)[0m
[0m2021-10-20 17:00:48 V/Net 2088667670: Recv: MessageSvc.PbSendMsg[0m
[0m2021-10-20 17:02:24 V/Net 2088667670: Send: MessageSvc.PbSendMsg(MessageSvc.PbSendMsg)[0m
[0m2021-10-20 17:02:25 V/Net 2088667670: Recv: MessageSvc.PbSendMsg[0m
[0m2021-10-20 17:04:26 V/Net 2088667670: Send: MessageSvc.PbSendMsg(MessageSvc.PbSendMsg)[0m
[0m2021-10-20 17:04:26 V/Net 2088667670: Recv: MessageSvc.PbSendMsg[0m
[0m2021-10-20 17:06:42 V/Net 2088667670: Send: MessageSvc.PbSendMsg(MessageSvc.PbSendMsg)[0m
[0m2021-10-20 17:06:44 V/Net 2088667670: Recv: MessageSvc.PbSendMsg[0m
[0m2021-10-20 17:06:57 V/Net 2088667670: Send: MessageSvc.PbSendMsg(MessageSvc.PbSendMsg)[0m
[0m2021-10-20 17:06:58 V/Net 2088667670: Recv: MessageSvc.PbSendMsg[0m
[0m2021-10-20 17:07:50 V/Net 2088667670: Send: MessageSvc.PbSendMsg(MessageSvc.PbSendMsg)[0m
[0m2021-10-20 17:07:51 V/Net 2088667670: Recv: MessageSvc.PbSendMsg[0m
[0m2021-10-20 17:07:56 V/Net 2088667670: Send: ImgStore.GroupPicUp(ImgStore.GroupPicUp)[0m
[0m2021-10-20 17:07:56 V/Net 2088667670: Send: ImgStore.GroupPicUp(ImgStore.GroupPicUp)[0m
[0m2021-10-20 17:07:56 V/Net 2088667670: Recv: ImgStore.GroupPicUp[0m
[0m2021-10-20 17:07:57 V/Net 2088667670: Send: MessageSvc.PbSendMsg(MessageSvc.PbSendMsg)[0m
[0m2021-10-20 17:07:57 V/Net 2088667670: Recv: ImgStore.GroupPicUp[0m
[0m2021-10-20 17:07:58 V/Net 2088667670: Recv: MessageSvc.PbSendMsg[0m
[0m2021-10-20 17:08:48 V/Net 2088667670: Send: MessageSvc.PbSendMsg(MessageSvc.PbSendMsg)[0m
[0m2021-10-20 17:08:49 V/Net 2088667670: Recv: MessageSvc.PbSendMsg[0m
[0m2021-10-20 17:09:02 V/Net 2088667670: Send: ImgStore.GroupPicUp(ImgStore.GroupPicUp)[0m
[0m2021-10-20 17:09:03 V/Net 2088667670: Recv: ImgStore.GroupPicUp[0m
[0m2021-10-20 17:09:03 V/Net 2088667670: Send: ImgStore.GroupPicUp(ImgStore.GroupPicUp)[0m
[0m2021-10-20 17:09:03 V/Net 2088667670: Send: MessageSvc.PbSendMsg(MessageSvc.PbSendMsg)[0m
[0m2021-10-20 17:09:03 V/Net 2088667670: Recv: ImgStore.GroupPicUp[0m
[0m2021-10-20 17:09:08 V/Net 2088667670: Send: MessageSvc.PbSendMsg(MessageSvc.PbSendMsg)[0m
[0m2021-10-20 17:09:08 V/Net 2088667670: Recv: MessageSvc.PbSendMsg[0m
[0m2021-10-20 17:09:10 V/Net 2088667670: Recv: MessageSvc.PbSendMsg[0m
[0m2021-10-20 17:09:51 V/Net 2088667670: Send: MessageSvc.PbSendMsg(MessageSvc.PbSendMsg)[0m
[0m2021-10-20 17:09:52 V/Net 2088667670: Recv: MessageSvc.PbSendMsg[0m
[0m2021-10-20 17:10:00 V/Net 2088667670: Send: MessageSvc.PbSendMsg(MessageSvc.PbSendMsg)[0m
[0m2021-10-20 17:10:02 V/Net 2088667670: Recv: MessageSvc.PbSendMsg[0m
[0m2021-10-20 17:10:13 V/Net 2088667670: Send: MessageSvc.PbSendMsg(MessageSvc.PbSendMsg)[0m
[0m2021-10-20 17:10:14 V/Net 2088667670: Recv: MessageSvc.PbSendMsg[0m
[0m2021-10-20 17:10:25 V/Net 2088667670: Send: MessageSvc.PbSendMsg(MessageSvc.PbSendMsg)[0m
[0m2021-10-20 17:10:25 V/Net 2088667670: Recv: MessageSvc.PbSendMsg[0m
[0m2021-10-20 17:10:45 V/Net 2088667670: Send: MessageSvc.PbSendMsg(MessageSvc.PbSendMsg)[0m
[0m2021-10-20 17:10:46 V/Net 2088667670: Recv: MessageSvc.PbSendMsg[0m
[0m2021-10-20 17:10:53 V/Net 2088667670: Send: MessageSvc.PbSendMsg(MessageSvc.PbSendMsg)[0m
[0m2021-10-20 17:10:54 V/Net 2088667670: Recv: MessageSvc.PbSendMsg[0m
[0m2021-10-20 17:11:06 V/Net 2088667670: Send: MessageSvc.PbSendMsg(MessageSvc.PbSendMsg)[0m
[0m2021-10-20 17:11:07 V/Net 2088667670: Recv: MessageSvc.PbSendMsg[0m
[0m2021-10-20 17:11:22 V/Net 2088667670: Send: MessageSvc.PbSendMsg(MessageSvc.PbSendMsg)[0m
[0m2021-10-20 17:11:23 V/Net 2088667670: Recv: MessageSvc.PbSendMsg[0m
[0m2021-10-20 17:11:43 V/Net 2088667670: Send: MessageSvc.PbSendMsg(MessageSvc.PbSendMsg)[0m
[0m2021-10-20 17:11:44 V/Net 2088667670: Recv: MessageSvc.PbSendMsg[0m
[0m2021-10-20 17:12:03 V/Net 2088667670: Send: MessageSvc.PbSendMsg(MessageSvc.PbSendMsg)[0m
[0m2021-10-20 17:12:04 V/Net 2088667670: Recv: MessageSvc.PbSendMsg[0m
[0m2021-10-20 17:12:22 V/Net 2088667670: Send: ImgStore.GroupPicUp(ImgStore.GroupPicUp)[0m
[0m2021-10-20 17:12:22 V/Net 2088667670: [Highway] Uploading group image to 175.27.12.205:443, size=1504.34 KiB[0m
[0m2021-10-20 17:12:22 V/Net 2088667670: Recv: ImgStore.GroupPicUp[0m
[0m2021-10-20 17:12:25 V/Net 2088667670: [Highway] Uploading group image: succeed at 526 KiB/s[0m
[0m2021-10-20 17:12:25 V/Net 2088667670: Send: ImgStore.GroupPicUp(ImgStore.GroupPicUp)[0m
[0m2021-10-20 17:12:26 V/Net 2088667670: Send: MessageSvc.PbSendMsg(MessageSvc.PbSendMsg)[0m
[0m2021-10-20 17:12:26 V/Net 2088667670: Recv: ImgStore.GroupPicUp[0m
[0m2021-10-20 17:12:26 V/Net 2088667670: Recv: MessageSvc.PbSendMsg[0m
[0m2021-10-20 17:12:53 V/Net 2088667670: Send: MessageSvc.PbSendMsg(MessageSvc.PbSendMsg)[0m
[0m2021-10-20 17:12:54 V/Net 2088667670: Recv: MessageSvc.PbSendMsg[0m
[0m2021-10-20 17:13:00 V/Net 2088667670: Send: ImgStore.GroupPicUp(ImgStore.GroupPicUp)[0m
[0m2021-10-20 17:13:01 V/Net 2088667670: Recv: ImgStore.GroupPicUp[0m
[0m2021-10-20 17:13:01 V/Net 2088667670: Send: ImgStore.GroupPicUp(ImgStore.GroupPicUp)[0m
[0m2021-10-20 17:13:01 V/Net 2088667670: Send: MessageSvc.PbSendMsg(MessageSvc.PbSendMsg)[0m
[0m2021-10-20 17:13:01 V/Net 2088667670: Recv: ImgStore.GroupPicUp[0m
[0m2021-10-20 17:13:02 V/Net 2088667670: Recv: MessageSvc.PbSendMsg[0m
[0m2021-10-20 17:13:25 V/Net 2088667670: Send: MessageSvc.PbSendMsg(MessageSvc.PbSendMsg)[0m
[0m2021-10-20 17:13:26 V/Net 2088667670: Recv: MessageSvc.PbSendMsg[0m
[0m2021-10-20 17:14:09 V/Net 2088667670: Send: MessageSvc.PbSendMsg(MessageSvc.PbSendMsg)[0m
[0m2021-10-20 17:14:10 V/Net 2088667670: Recv: MessageSvc.PbSendMsg[0m
[0m2021-10-20 17:14:15 V/Net 2088667670: Send: ImgStore.GroupPicUp(ImgStore.GroupPicUp)[0m
[0m2021-10-20 17:14:16 V/Net 2088667670: Recv: ImgStore.GroupPicUp[0m
[0m2021-10-20 17:14:16 V/Net 2088667670: Send: ImgStore.GroupPicUp(ImgStore.GroupPicUp)[0m
[0m2021-10-20 17:14:16 V/Net 2088667670: Send: MessageSvc.PbSendMsg(MessageSvc.PbSendMsg)[0m
[0m2021-10-20 17:14:16 V/Net 2088667670: Recv: ImgStore.GroupPicUp[0m
[0m2021-10-20 17:14:16 V/Net 2088667670: Recv: MessageSvc.PbSendMsg[0m
[0m2021-10-20 17:14:34 V/Net 2088667670: Send: MessageSvc.PbSendMsg(MessageSvc.PbSendMsg)[0m
[0m2021-10-20 17:14:35 V/Net 2088667670: Recv: MessageSvc.PbSendMsg[0m
[0m2021-10-20 17:18:17 V/Net 2088667670: Send: MessageSvc.PbSendMsg(MessageSvc.PbSendMsg)[0m
[0m2021-10-20 17:18:18 V/Net 2088667670: Recv: MessageSvc.PbSendMsg[0m
[0m2021-10-20 17:18:33 V/Net 2088667670: Send: MessageSvc.PbSendMsg(MessageSvc.PbSendMsg)[0m
[0m2021-10-20 17:18:34 V/Net 2088667670: Recv: MessageSvc.PbSendMsg[0m
[0m2021-10-20 17:21:12 V/Net 2088667670: Recv: OnlinePush.PbC2CMsgSync[0m
[0m2021-10-20 17:21:20 V/Net 2088667670: Recv: OnlinePush.PbC2CMsgSync[0m
[0m2021-10-20 17:21:30 V/Net 2088667670: Send: MessageSvc.PbSendMsg(MessageSvc.PbSendMsg)[0m
[0m2021-10-20 17:21:30 V/Net 2088667670: Recv: MessageSvc.PbSendMsg[0m
[0m2021-10-20 17:21:43 V/Net 2088667670: Send: MessageSvc.PbSendMsg(MessageSvc.PbSendMsg)[0m
[0m2021-10-20 17:21:44 V/Net 2088667670: Recv: MessageSvc.PbSendMsg[0m
[0m2021-10-20 17:21:51 V/Net 2088667670: Send: MessageSvc.PbSendMsg(MessageSvc.PbSendMsg)[0m
[0m2021-10-20 17:21:51 V/Net 2088667670: Send: MessageSvc.PbSendMsg(MessageSvc.PbSendMsg)[0m
[0m2021-10-20 17:21:51 V/Net 2088667670: Recv: MessageSvc.PbSendMsg[0m
[0m2021-10-20 17:21:52 V/Net 2088667670: Recv: MessageSvc.PbSendMsg[0m
[0m2021-10-20 17:24:14 V/Net 2088667670: Send: MessageSvc.PbSendMsg(MessageSvc.PbSendMsg)[0m
[0m2021-10-20 17:24:15 V/Net 2088667670: Recv: MessageSvc.PbSendMsg[0m
[0m2021-10-20 17:24:30 V/Net 2088667670: Send: MessageSvc.PbSendMsg(MessageSvc.PbSendMsg)[0m
[0m2021-10-20 17:24:31 V/Net 2088667670: Recv: MessageSvc.PbSendMsg[0m
[0m2021-10-20 17:24:43 V/Net 2088667670: Send: MessageSvc.PbSendMsg(MessageSvc.PbSendMsg)[0m
[0m2021-10-20 17:24:44 V/Net 2088667670: Recv: MessageSvc.PbSendMsg[0m
[0m2021-10-20 17:25:37 V/Net 2088667670: Send: StatSvc.register(offline)[0m
[0m2021-10-20 17:42:11 V/Net 2088667670: Loading server list from cache.[0m
[92m2021-10-20 17:42:11 I/Net 2088667670: Server list: 157.255.13.124:80, 221.198.69.95:443, 125.94.60.146:8080, 120.241.139.19:443, 101.91.42.98:14000, msfwifi.3g.qq.com:8080, 109.244.168.51:443, 42.81.170.51:80.[0m
[92m2021-10-20 17:42:12 I/Net 2088667670: ECDH key is valid.[0m
[0m2021-10-20 17:42:12 V/Net 2088667670: Send: wtlogin.exchange_emp[0m
[0m2021-10-20 17:42:13 V/Net 2088667670: Recv: wtlogin.exchange_emp[0m
[0m2021-10-20 17:42:13 V/Net 2088667670: Send: StatSvc.register(online)[0m
[92m2021-10-20 17:42:13 I/Net 2088667670: Syncing friend message history...[0m
[92m2021-10-20 17:42:13 I/Net 2088667670: Server time updated, serverTime: 1634722933, diff: 0ms=0.0s[0m
[0m2021-10-20 17:42:13 V/Net 2088667670: Recv: StatSvc.register[0m
[0m2021-10-20 17:42:13 V/Net 2088667670: Loading BdhSession from cache file[0m
[0m2021-10-20 17:42:13 V/Net 2088667670: Send: StatSvc.GetDevLoginInfo(StatSvc.GetDevLoginInfo)[0m
[92m2021-10-20 17:42:13 I/Net 2088667670: Start loading stranger list...[0m
[92m2021-10-20 17:42:13 I/Net 2088667670: Start loading friend list...[0m
[0m2021-10-20 17:42:13 V/Net 2088667670: Send: OidbSvc.0x5d2_0(OidbSvc.0x5d2_0)[0m
[0m2021-10-20 17:42:13 V/Net 2088667670: Send: OidbSvc.0x496(OidbSvc.0x496)[0m
[0m2021-10-20 17:42:13 V/Net 2088667670: Send: friendlist.getFriendGroupList(friendlist.getFriendGroupList)[0m
[92m2021-10-20 17:42:13 I/Net 2088667670: Online OtherClients: ZHJ-PC(WINDOWS)[0m
[0m2021-10-20 17:42:13 V/Net 2088667670: Recv: StatSvc.GetDevLoginInfo[0m
[92m2021-10-20 17:42:13 I/Net 2088667670: Syncing friend message history: Success.[0m
[92m2021-10-20 17:42:13 I/Net 2088667670: Successfully loaded stranger list: 0 in total[0m
[92m2021-10-20 17:42:13 I/Net 2088667670: Start loading group list...[0m
[0m2021-10-20 17:42:13 V/Net 2088667670: Recv: OidbSvc.0x496[0m
[0m2021-10-20 17:42:13 V/Net 2088667670: Recv: OidbSvc.0x5d2_0[0m
[0m2021-10-20 17:42:13 V/Net 2088667670: Send: friendlist.GetTroopListReqV2(friendlist.GetTroopListReqV2)[0m
[0m2021-10-20 17:42:13 V/Net 2088667670: Loading friend list: 4/4[0m
[92m2021-10-20 17:42:13 I/Net 2088667670: Successfully loaded friend list: 4 in total[0m
[0m2021-10-20 17:42:13 V/Net 2088667670: Recv: friendlist.getFriendGroupList[0m
[0m2021-10-20 17:42:13 V/Net 2088667670: Send: friendlist.GetTroopMemberListReq(friendlist.GetTroopMemberListReq)[0m
[0m2021-10-20 17:42:13 V/Net 2088667670: Recv: friendlist.GetTroopListReqV2[0m
[0m2021-10-20 17:42:13 V/Net 2088667670: Recv: friendlist.GetTroopMemberListReq[0m
[92m2021-10-20 17:42:13 I/Net 2088667670: Successfully loaded group list: 1 in total.[0m
[92m2021-10-20 17:42:13 I/Net 2088667670: Scheduled key refresh in 23h 55min 0.0s.[0m
[92m2021-10-20 17:42:13 I/Net 2088667670: Scheduled refresh login session in 19d 23h 55min 0.0s.[0m
[92m2021-10-20 17:42:16 I/Net 2088667670: Server list: 180.102.110.122:14000, msfwifi.3g.qq.com:8080, 120.232.18.55:443, 42.81.169.43:80, 125.94.60.166:8080, 109.244.168.182:443, 61.181.203.13:443, 157.255.13.190:80.[0m
[0m2021-10-20 17:42:16 V/Net 2088667670: Saving bdh session to cache[0m
[0m2021-10-20 17:42:16 V/Net 2088667670: Saving server list to cache[0m
[0m2021-10-20 17:42:16 V/Net 2088667670: Send: ConfigPushSvc.PushResp(ConfigPushSvc.PushResp)[0m
[0m2021-10-20 17:42:16 V/Net 2088667670: Recv: ConfigPushSvc.PushReq[0m
[0m2021-10-20 17:42:16 V/Net 2088667670: Saving bdh session to cache[0m
[0m2021-10-20 17:42:16 V/Net 2088667670: Send: ConfigPushSvc.PushResp(ConfigPushSvc.PushResp)[0m
[0m2021-10-20 17:42:16 V/Net 2088667670: Recv: ConfigPushSvc.PushReq[0m
[0m2021-10-20 17:42:35 V/Net 2088667670: Send: MessageSvc.PbSendMsg(MessageSvc.PbSendMsg)[0m
[0m2021-10-20 17:42:35 V/Net 2088667670: Recv: MessageSvc.PbSendMsg[0m
[0m2021-10-20 17:42:55 V/Net 2088667670: Send: MessageSvc.PbSendMsg(MessageSvc.PbSendMsg)[0m
[0m2021-10-20 17:42:55 V/Net 2088667670: Recv: MessageSvc.PbSendMsg[0m
[0m2021-10-20 17:43:08 V/Net 2088667670: Send: MessageSvc.PbSendMsg(MessageSvc.PbSendMsg)[0m
[0m2021-10-20 17:43:08 V/Net 2088667670: Recv: MessageSvc.PbSendMsg[0m
[0m2021-10-20 17:43:14 V/Net 2088667670: Send: StatSvc.register(offline)[0m
[0m2021-10-20 17:44:56 V/Net 2088667670: Loading server list from cache.[0m
[92m2021-10-20 17:44:56 I/Net 2088667670: Server list: 180.102.110.122:14000, msfwifi.3g.qq.com:8080, 120.232.18.55:443, 42.81.169.43:80, 125.94.60.166:8080, 109.244.168.182:443, 61.181.203.13:443, 157.255.13.190:80.[0m
[92m2021-10-20 17:44:56 I/Net 2088667670: ECDH key is valid.[0m
[0m2021-10-20 17:44:56 V/Net 2088667670: Send: wtlogin.exchange_emp[0m
[0m2021-10-20 17:44:57 V/Net 2088667670: Recv: wtlogin.exchange_emp[0m
[0m2021-10-20 17:44:57 V/Net 2088667670: Send: StatSvc.register(online)[0m
[0m2021-10-20 17:44:57 V/Net 2088667670: Loading BdhSession from cache file[0m
[92m2021-10-20 17:44:57 I/Net 2088667670: Syncing friend message history...[0m
[92m2021-10-20 17:44:57 I/Net 2088667670: Server time updated, serverTime: 1634723097, diff: 0ms=0.0s[0m
[0m2021-10-20 17:44:57 V/Net 2088667670: Recv: StatSvc.register[0m
[0m2021-10-20 17:44:57 V/Net 2088667670: Send: StatSvc.GetDevLoginInfo(StatSvc.GetDevLoginInfo)[0m
[92m2021-10-20 17:44:57 I/Net 2088667670: Start loading friend list...[0m
[92m2021-10-20 17:44:57 I/Net 2088667670: Start loading stranger list...[0m
[0m2021-10-20 17:44:57 V/Net 2088667670: Send: OidbSvc.0x5d2_0(OidbSvc.0x5d2_0)[0m
[0m2021-10-20 17:44:57 V/Net 2088667670: Send: friendlist.getFriendGroupList(friendlist.getFriendGroupList)[0m
[0m2021-10-20 17:44:57 V/Net 2088667670: Send: OidbSvc.0x496(OidbSvc.0x496)[0m
[92m2021-10-20 17:44:58 I/Net 2088667670: Syncing friend message history: Success.[0m
[92m2021-10-20 17:44:58 I/Net 2088667670: Successfully loaded stranger list: 0 in total[0m
[0m2021-10-20 17:44:58 V/Net 2088667670: Recv: OidbSvc.0x5d2_0[0m
[92m2021-10-20 17:44:58 I/Net 2088667670: Online OtherClients: ZHJ-PC(WINDOWS)[0m
[0m2021-10-20 17:44:58 V/Net 2088667670: Recv: StatSvc.GetDevLoginInfo[0m
[92m2021-10-20 17:44:58 I/Net 2088667670: Start loading group list...[0m
[0m2021-10-20 17:44:58 V/Net 2088667670: Send: friendlist.GetTroopListReqV2(friendlist.GetTroopListReqV2)[0m
[0m2021-10-20 17:44:58 V/Net 2088667670: Recv: OidbSvc.0x496[0m
[0m2021-10-20 17:44:58 V/Net 2088667670: Loading friend list: 4/4[0m
[92m2021-10-20 17:44:58 I/Net 2088667670: Successfully loaded friend list: 4 in total[0m
[0m2021-10-20 17:44:58 V/Net 2088667670: Recv: friendlist.getFriendGroupList[0m
[0m2021-10-20 17:44:59 V/Net 2088667670: Send: friendlist.GetTroopMemberListReq(friendlist.GetTroopMemberListReq)[0m
[0m2021-10-20 17:44:59 V/Net 2088667670: Recv: friendlist.GetTroopListReqV2[0m
[0m2021-10-20 17:44:59 V/Net 2088667670: Recv: friendlist.GetTroopMemberListReq[0m
[92m2021-10-20 17:44:59 I/Net 2088667670: Successfully loaded group list: 1 in total.[0m
[92m2021-10-20 17:44:59 I/Net 2088667670: Scheduled key refresh in 23h 55min 0.0s.[0m
[92m2021-10-20 17:44:59 I/Net 2088667670: Scheduled refresh login session in 19d 23h 55min 0.0s.[0m
[0m2021-10-20 17:45:01 V/Net 2088667670: Saving bdh session to cache[0m
[0m2021-10-20 17:45:01 V/Net 2088667670: Send: ConfigPushSvc.PushResp(ConfigPushSvc.PushResp)[0m
[0m2021-10-20 17:45:01 V/Net 2088667670: Recv: ConfigPushSvc.PushReq[0m
[0m2021-10-20 17:48:17 V/Net 2088667670: Send: MessageSvc.PbSendMsg(MessageSvc.PbSendMsg)[0m
[0m2021-10-20 17:48:18 V/Net 2088667670: Recv: MessageSvc.PbSendMsg[0m
[0m2021-10-20 17:48:29 V/Net 2088667670: Send: ImgStore.GroupPicUp(ImgStore.GroupPicUp)[0m
[0m2021-10-20 17:48:30 V/Net 2088667670: Recv: ImgStore.GroupPicUp[0m
[0m2021-10-20 17:48:30 V/Net 2088667670: Send: ImgStore.GroupPicUp(ImgStore.GroupPicUp)[0m
[0m2021-10-20 17:48:30 V/Net 2088667670: Send: MessageSvc.PbSendMsg(MessageSvc.PbSendMsg)[0m
[0m2021-10-20 17:48:30 V/Net 2088667670: Recv: ImgStore.GroupPicUp[0m
[0m2021-10-20 17:48:31 V/Net 2088667670: Recv: MessageSvc.PbSendMsg[0m
[0m2021-10-20 17:48:42 V/Net 2088667670: Send: ImgStore.GroupPicUp(ImgStore.GroupPicUp)[0m
[0m2021-10-20 17:48:43 V/Net 2088667670: Send: ImgStore.GroupPicUp(ImgStore.GroupPicUp)[0m
[0m2021-10-20 17:48:43 V/Net 2088667670: Recv: ImgStore.GroupPicUp[0m
[0m2021-10-20 17:48:43 V/Net 2088667670: Send: MessageSvc.PbSendMsg(MessageSvc.PbSendMsg)[0m
[0m2021-10-20 17:48:43 V/Net 2088667670: Recv: ImgStore.GroupPicUp[0m
[0m2021-10-20 17:48:44 V/Net 2088667670: Recv: MessageSvc.PbSendMsg[0m
[0m2021-10-20 17:50:44 V/Net 2088667670: Send: ImgStore.GroupPicUp(ImgStore.GroupPicUp)[0m
[0m2021-10-20 17:50:45 V/Net 2088667670: Send: ImgStore.GroupPicUp(ImgStore.GroupPicUp)[0m
[0m2021-10-20 17:50:45 V/Net 2088667670: Recv: ImgStore.GroupPicUp[0m
[0m2021-10-20 17:50:46 V/Net 2088667670: Send: MessageSvc.PbSendMsg(MessageSvc.PbSendMsg)[0m
[0m2021-10-20 17:50:46 V/Net 2088667670: Recv: ImgStore.GroupPicUp[0m
[0m2021-10-20 17:50:47 V/Net 2088667670: Recv: MessageSvc.PbSendMsg[0m
[0m2021-10-20 17:50:56 V/Net 2088667670: Send: ImgStore.GroupPicUp(ImgStore.GroupPicUp)[0m
[0m2021-10-20 17:50:56 V/Net 2088667670: Recv: ImgStore.GroupPicUp[0m
[0m2021-10-20 17:50:56 V/Net 2088667670: Send: ImgStore.GroupPicUp(ImgStore.GroupPicUp)[0m
[0m2021-10-20 17:50:57 V/Net 2088667670: Send: MessageSvc.PbSendMsg(MessageSvc.PbSendMsg)[0m
[0m2021-10-20 17:50:57 V/Net 2088667670: Recv: ImgStore.GroupPicUp[0m
[0m2021-10-20 17:50:58 V/Net 2088667670: Recv: MessageSvc.PbSendMsg[0m
[0m2021-10-20 17:51:03 V/Net 2088667670: Send: ImgStore.GroupPicUp(ImgStore.GroupPicUp)[0m
[0m2021-10-20 17:51:04 V/Net 2088667670: Send: ImgStore.GroupPicUp(ImgStore.GroupPicUp)[0m
[0m2021-10-20 17:51:04 V/Net 2088667670: Recv: ImgStore.GroupPicUp[0m
[0m2021-10-20 17:51:04 V/Net 2088667670: Send: MessageSvc.PbSendMsg(MessageSvc.PbSendMsg)[0m
[0m2021-10-20 17:51:04 V/Net 2088667670: Recv: ImgStore.GroupPicUp[0m
[0m2021-10-20 17:51:05 V/Net 2088667670: Recv: MessageSvc.PbSendMsg[0m
